mode: set
GoEdu/GoEdu/proto/education.pb.go:30.25,35.2 4 0
GoEdu/GoEdu/proto/education.pb.go:37.33,39.2 1 0
GoEdu/GoEdu/proto/education.pb.go:41.31,41.32 0 0
GoEdu/GoEdu/proto/education.pb.go:43.53,45.14 2 0
GoEdu/GoEdu/proto/education.pb.go:45.14,47.34 2 0
GoEdu/GoEdu/proto/education.pb.go:47.34,49.4 1 0
GoEdu/GoEdu/proto/education.pb.go:50.3,50.12 1 0
GoEdu/GoEdu/proto/education.pb.go:52.2,52.24 1 0
GoEdu/GoEdu/proto/education.pb.go:56.44,58.2 1 0
GoEdu/GoEdu/proto/education.pb.go:68.39,73.2 4 0
GoEdu/GoEdu/proto/education.pb.go:75.47,77.2 1 0
GoEdu/GoEdu/proto/education.pb.go:79.45,79.46 0 0
GoEdu/GoEdu/proto/education.pb.go:81.67,83.14 2 0
GoEdu/GoEdu/proto/education.pb.go:83.14,85.34 2 0
GoEdu/GoEdu/proto/education.pb.go:85.34,87.4 1 0
GoEdu/GoEdu/proto/education.pb.go:88.3,88.12 1 0
GoEdu/GoEdu/proto/education.pb.go:90.2,90.24 1 0
GoEdu/GoEdu/proto/education.pb.go:94.58,96.2 1 0
GoEdu/GoEdu/proto/education.pb.go:98.48,99.14 1 0
GoEdu/GoEdu/proto/education.pb.go:99.14,101.3 1 0
GoEdu/GoEdu/proto/education.pb.go:102.2,102.14 1 0
GoEdu/GoEdu/proto/education.pb.go:116.26,121.2 4 0
GoEdu/GoEdu/proto/education.pb.go:123.34,125.2 1 0
GoEdu/GoEdu/proto/education.pb.go:127.32,127.33 0 0
GoEdu/GoEdu/proto/education.pb.go:129.54,131.14 2 0
GoEdu/GoEdu/proto/education.pb.go:131.14,133.34 2 0
GoEdu/GoEdu/proto/education.pb.go:133.34,135.4 1 0
GoEdu/GoEdu/proto/education.pb.go:136.3,136.12 1 0
GoEdu/GoEdu/proto/education.pb.go:138.2,138.24 1 0
GoEdu/GoEdu/proto/education.pb.go:142.45,144.2 1 0
GoEdu/GoEdu/proto/education.pb.go:146.32,147.14 1 0
GoEdu/GoEdu/proto/education.pb.go:147.14,149.3 1 0
GoEdu/GoEdu/proto/education.pb.go:150.2,150.10 1 0
GoEdu/GoEdu/proto/education.pb.go:153.35,154.14 1 0
GoEdu/GoEdu/proto/education.pb.go:154.14,156.3 1 0
GoEdu/GoEdu/proto/education.pb.go:157.2,157.11 1 0
GoEdu/GoEdu/proto/education.pb.go:160.42,161.14 1 0
GoEdu/GoEdu/proto/education.pb.go:161.14,163.3 1 0
GoEdu/GoEdu/proto/education.pb.go:164.2,164.11 1 0
GoEdu/GoEdu/proto/education.pb.go:167.42,168.14 1 0
GoEdu/GoEdu/proto/education.pb.go:168.14,170.3 1 0
GoEdu/GoEdu/proto/education.pb.go:171.2,171.10 1 0
GoEdu/GoEdu/proto/education.pb.go:181.30,186.2 4 0
GoEdu/GoEdu/proto/education.pb.go:188.38,190.2 1 0
GoEdu/GoEdu/proto/education.pb.go:192.36,192.37 0 0
GoEdu/GoEdu/proto/education.pb.go:194.58,196.14 2 0
GoEdu/GoEdu/proto/education.pb.go:196.14,198.34 2 0
GoEdu/GoEdu/proto/education.pb.go:198.34,200.4 1 0
GoEdu/GoEdu/proto/education.pb.go:201.3,201.12 1 0
GoEdu/GoEdu/proto/education.pb.go:203.2,203.24 1 0
GoEdu/GoEdu/proto/education.pb.go:207.49,209.2 1 0
GoEdu/GoEdu/proto/education.pb.go:211.45,212.14 1 0
GoEdu/GoEdu/proto/education.pb.go:212.14,214.3 1 0
GoEdu/GoEdu/proto/education.pb.go:215.2,215.12 1 0
GoEdu/GoEdu/proto/education.pb.go:225.35,230.2 4 0
GoEdu/GoEdu/proto/education.pb.go:232.43,234.2 1 0
GoEdu/GoEdu/proto/education.pb.go:236.41,236.42 0 0
GoEdu/GoEdu/proto/education.pb.go:238.63,240.14 2 0
GoEdu/GoEdu/proto/education.pb.go:240.14,242.34 2 0
GoEdu/GoEdu/proto/education.pb.go:242.34,244.4 1 0
GoEdu/GoEdu/proto/education.pb.go:245.3,245.12 1 0
GoEdu/GoEdu/proto/education.pb.go:247.2,247.24 1 0
GoEdu/GoEdu/proto/education.pb.go:251.54,253.2 1 0
GoEdu/GoEdu/proto/education.pb.go:255.47,256.14 1 0
GoEdu/GoEdu/proto/education.pb.go:256.14,258.3 1 0
GoEdu/GoEdu/proto/education.pb.go:259.2,259.10 1 0
GoEdu/GoEdu/proto/education.pb.go:271.36,276.2 4 0
GoEdu/GoEdu/proto/education.pb.go:278.44,280.2 1 0
GoEdu/GoEdu/proto/education.pb.go:282.42,282.43 0 0
GoEdu/GoEdu/proto/education.pb.go:284.64,286.14 2 0
GoEdu/GoEdu/proto/education.pb.go:286.14,288.34 2 0
GoEdu/GoEdu/proto/education.pb.go:288.34,290.4 1 0
GoEdu/GoEdu/proto/education.pb.go:291.3,291.12 1 0
GoEdu/GoEdu/proto/education.pb.go:293.2,293.24 1 0
GoEdu/GoEdu/proto/education.pb.go:297.55,299.2 1 0
GoEdu/GoEdu/proto/education.pb.go:301.45,302.14 1 0
GoEdu/GoEdu/proto/education.pb.go:302.14,304.3 1 0
GoEdu/GoEdu/proto/education.pb.go:305.2,305.11 1 0
GoEdu/GoEdu/proto/education.pb.go:308.52,309.14 1 0
GoEdu/GoEdu/proto/education.pb.go:309.14,311.3 1 0
GoEdu/GoEdu/proto/education.pb.go:312.2,312.11 1 0
GoEdu/GoEdu/proto/education.pb.go:315.52,316.14 1 0
GoEdu/GoEdu/proto/education.pb.go:316.14,318.3 1 0
GoEdu/GoEdu/proto/education.pb.go:319.2,319.10 1 0
GoEdu/GoEdu/proto/education.pb.go:331.39,336.2 4 0
GoEdu/GoEdu/proto/education.pb.go:338.47,340.2 1 0
GoEdu/GoEdu/proto/education.pb.go:342.45,342.46 0 0
GoEdu/GoEdu/proto/education.pb.go:344.67,346.14 2 0
GoEdu/GoEdu/proto/education.pb.go:346.14,348.34 2 0
GoEdu/GoEdu/proto/education.pb.go:348.34,350.4 1 0
GoEdu/GoEdu/proto/education.pb.go:351.3,351.12 1 0
GoEdu/GoEdu/proto/education.pb.go:353.2,353.24 1 0
GoEdu/GoEdu/proto/education.pb.go:357.58,359.2 1 0
GoEdu/GoEdu/proto/education.pb.go:361.45,362.14 1 0
GoEdu/GoEdu/proto/education.pb.go:362.14,364.3 1 0
GoEdu/GoEdu/proto/education.pb.go:365.2,365.10 1 0
GoEdu/GoEdu/proto/education.pb.go:368.48,369.14 1 0
GoEdu/GoEdu/proto/education.pb.go:369.14,371.3 1 0
GoEdu/GoEdu/proto/education.pb.go:372.2,372.11 1 0
GoEdu/GoEdu/proto/education.pb.go:375.55,376.14 1 0
GoEdu/GoEdu/proto/education.pb.go:376.14,378.3 1 0
GoEdu/GoEdu/proto/education.pb.go:379.2,379.11 1 0
GoEdu/GoEdu/proto/education.pb.go:392.42,397.2 4 0
GoEdu/GoEdu/proto/education.pb.go:399.50,401.2 1 0
GoEdu/GoEdu/proto/education.pb.go:403.48,403.49 0 0
GoEdu/GoEdu/proto/education.pb.go:405.70,407.14 2 0
GoEdu/GoEdu/proto/education.pb.go:407.14,409.34 2 0
GoEdu/GoEdu/proto/education.pb.go:409.34,411.4 1 0
GoEdu/GoEdu/proto/education.pb.go:412.3,412.12 1 0
GoEdu/GoEdu/proto/education.pb.go:414.2,414.24 1 0
GoEdu/GoEdu/proto/education.pb.go:418.61,420.2 1 0
GoEdu/GoEdu/proto/education.pb.go:422.51,423.14 1 0
GoEdu/GoEdu/proto/education.pb.go:423.14,425.3 1 0
GoEdu/GoEdu/proto/education.pb.go:426.2,426.11 1 0
GoEdu/GoEdu/proto/education.pb.go:429.52,430.14 1 0
GoEdu/GoEdu/proto/education.pb.go:430.14,432.3 1 0
GoEdu/GoEdu/proto/education.pb.go:433.2,433.11 1 0
GoEdu/GoEdu/proto/education.pb.go:436.55,437.14 1 0
GoEdu/GoEdu/proto/education.pb.go:437.14,439.3 1 0
GoEdu/GoEdu/proto/education.pb.go:440.2,440.11 1 0
GoEdu/GoEdu/proto/education.pb.go:453.27,458.2 4 0
GoEdu/GoEdu/proto/education.pb.go:460.35,462.2 1 0
GoEdu/GoEdu/proto/education.pb.go:464.33,464.34 0 0
GoEdu/GoEdu/proto/education.pb.go:466.55,468.14 2 0
GoEdu/GoEdu/proto/education.pb.go:468.14,470.34 2 0
GoEdu/GoEdu/proto/education.pb.go:470.34,472.4 1 0
GoEdu/GoEdu/proto/education.pb.go:473.3,473.12 1 0
GoEdu/GoEdu/proto/education.pb.go:475.2,475.24 1 0
GoEdu/GoEdu/proto/education.pb.go:479.46,481.2 1 0
GoEdu/GoEdu/proto/education.pb.go:483.33,484.14 1 0
GoEdu/GoEdu/proto/education.pb.go:484.14,486.3 1 0
GoEdu/GoEdu/proto/education.pb.go:487.2,487.10 1 0
GoEdu/GoEdu/proto/education.pb.go:490.36,491.14 1 0
GoEdu/GoEdu/proto/education.pb.go:491.14,493.3 1 0
GoEdu/GoEdu/proto/education.pb.go:494.2,494.11 1 0
GoEdu/GoEdu/proto/education.pb.go:497.37,498.14 1 0
GoEdu/GoEdu/proto/education.pb.go:498.14,500.3 1 0
GoEdu/GoEdu/proto/education.pb.go:501.2,501.11 1 0
GoEdu/GoEdu/proto/education.pb.go:504.37,505.14 1 0
GoEdu/GoEdu/proto/education.pb.go:505.14,507.3 1 0
GoEdu/GoEdu/proto/education.pb.go:508.2,508.11 1 0
GoEdu/GoEdu/proto/education.pb.go:519.32,524.2 4 0
GoEdu/GoEdu/proto/education.pb.go:526.40,528.2 1 0
GoEdu/GoEdu/proto/education.pb.go:530.38,530.39 0 0
GoEdu/GoEdu/proto/education.pb.go:532.60,534.14 2 0
GoEdu/GoEdu/proto/education.pb.go:534.14,536.34 2 0
GoEdu/GoEdu/proto/education.pb.go:536.34,538.4 1 0
GoEdu/GoEdu/proto/education.pb.go:539.3,539.12 1 0
GoEdu/GoEdu/proto/education.pb.go:541.2,541.24 1 0
GoEdu/GoEdu/proto/education.pb.go:545.51,547.2 1 0
GoEdu/GoEdu/proto/education.pb.go:549.42,550.14 1 0
GoEdu/GoEdu/proto/education.pb.go:550.14,552.3 1 0
GoEdu/GoEdu/proto/education.pb.go:553.2,553.11 1 0
GoEdu/GoEdu/proto/education.pb.go:556.45,557.14 1 0
GoEdu/GoEdu/proto/education.pb.go:557.14,559.3 1 0
GoEdu/GoEdu/proto/education.pb.go:560.2,560.11 1 0
GoEdu/GoEdu/proto/education.pb.go:573.32,578.2 4 0
GoEdu/GoEdu/proto/education.pb.go:580.40,582.2 1 0
GoEdu/GoEdu/proto/education.pb.go:584.38,584.39 0 0
GoEdu/GoEdu/proto/education.pb.go:586.60,588.14 2 0
GoEdu/GoEdu/proto/education.pb.go:588.14,590.34 2 0
GoEdu/GoEdu/proto/education.pb.go:590.34,592.4 1 0
GoEdu/GoEdu/proto/education.pb.go:593.3,593.12 1 0
GoEdu/GoEdu/proto/education.pb.go:595.2,595.24 1 0
GoEdu/GoEdu/proto/education.pb.go:599.51,601.2 1 0
GoEdu/GoEdu/proto/education.pb.go:603.38,604.14 1 0
GoEdu/GoEdu/proto/education.pb.go:604.14,606.3 1 0
GoEdu/GoEdu/proto/education.pb.go:607.2,607.10 1 0
GoEdu/GoEdu/proto/education.pb.go:610.41,611.14 1 0
GoEdu/GoEdu/proto/education.pb.go:611.14,613.3 1 0
GoEdu/GoEdu/proto/education.pb.go:614.2,614.11 1 0
GoEdu/GoEdu/proto/education.pb.go:617.42,618.14 1 0
GoEdu/GoEdu/proto/education.pb.go:618.14,620.3 1 0
GoEdu/GoEdu/proto/education.pb.go:621.2,621.11 1 0
GoEdu/GoEdu/proto/education.pb.go:624.42,625.14 1 0
GoEdu/GoEdu/proto/education.pb.go:625.14,627.3 1 0
GoEdu/GoEdu/proto/education.pb.go:628.2,628.11 1 0
GoEdu/GoEdu/proto/education.pb.go:638.36,643.2 4 0
GoEdu/GoEdu/proto/education.pb.go:645.44,647.2 1 0
GoEdu/GoEdu/proto/education.pb.go:649.42,649.43 0 0
GoEdu/GoEdu/proto/education.pb.go:651.64,653.14 2 0
GoEdu/GoEdu/proto/education.pb.go:653.14,655.34 2 0
GoEdu/GoEdu/proto/education.pb.go:655.34,657.4 1 0
GoEdu/GoEdu/proto/education.pb.go:658.3,658.12 1 0
GoEdu/GoEdu/proto/education.pb.go:660.2,660.24 1 0
GoEdu/GoEdu/proto/education.pb.go:664.55,666.2 1 0
GoEdu/GoEdu/proto/education.pb.go:668.42,669.14 1 0
GoEdu/GoEdu/proto/education.pb.go:669.14,671.3 1 0
GoEdu/GoEdu/proto/education.pb.go:672.2,672.10 1 0
GoEdu/GoEdu/proto/education.pb.go:685.40,690.2 4 0
GoEdu/GoEdu/proto/education.pb.go:692.48,694.2 1 0
GoEdu/GoEdu/proto/education.pb.go:696.46,696.47 0 0
GoEdu/GoEdu/proto/education.pb.go:698.68,700.14 2 0
GoEdu/GoEdu/proto/education.pb.go:700.14,702.34 2 0
GoEdu/GoEdu/proto/education.pb.go:702.34,704.4 1 0
GoEdu/GoEdu/proto/education.pb.go:705.3,705.12 1 0
GoEdu/GoEdu/proto/education.pb.go:707.2,707.24 1 0
GoEdu/GoEdu/proto/education.pb.go:711.59,713.2 1 0
GoEdu/GoEdu/proto/education.pb.go:715.46,716.14 1 0
GoEdu/GoEdu/proto/education.pb.go:716.14,718.3 1 0
GoEdu/GoEdu/proto/education.pb.go:719.2,719.10 1 0
GoEdu/GoEdu/proto/education.pb.go:722.49,723.14 1 0
GoEdu/GoEdu/proto/education.pb.go:723.14,725.3 1 0
GoEdu/GoEdu/proto/education.pb.go:726.2,726.11 1 0
GoEdu/GoEdu/proto/education.pb.go:729.50,730.14 1 0
GoEdu/GoEdu/proto/education.pb.go:730.14,732.3 1 0
GoEdu/GoEdu/proto/education.pb.go:733.2,733.11 1 0
GoEdu/GoEdu/proto/education.pb.go:736.53,737.14 1 0
GoEdu/GoEdu/proto/education.pb.go:737.14,739.3 1 0
GoEdu/GoEdu/proto/education.pb.go:740.2,740.11 1 0
GoEdu/GoEdu/proto/education.pb.go:752.37,757.2 4 0
GoEdu/GoEdu/proto/education.pb.go:759.45,761.2 1 0
GoEdu/GoEdu/proto/education.pb.go:763.43,763.44 0 0
GoEdu/GoEdu/proto/education.pb.go:765.65,767.14 2 0
GoEdu/GoEdu/proto/education.pb.go:767.14,769.34 2 0
GoEdu/GoEdu/proto/education.pb.go:769.34,771.4 1 0
GoEdu/GoEdu/proto/education.pb.go:772.3,772.12 1 0
GoEdu/GoEdu/proto/education.pb.go:774.2,774.24 1 0
GoEdu/GoEdu/proto/education.pb.go:778.56,780.2 1 0
GoEdu/GoEdu/proto/education.pb.go:782.50,783.14 1 0
GoEdu/GoEdu/proto/education.pb.go:783.14,785.3 1 0
GoEdu/GoEdu/proto/education.pb.go:786.2,786.10 1 0
GoEdu/GoEdu/proto/education.pb.go:789.49,790.14 1 0
GoEdu/GoEdu/proto/education.pb.go:790.14,792.3 1 0
GoEdu/GoEdu/proto/education.pb.go:793.2,793.10 1 0
GoEdu/GoEdu/proto/education.pb.go:803.31,808.2 4 0
GoEdu/GoEdu/proto/education.pb.go:810.39,812.2 1 0
GoEdu/GoEdu/proto/education.pb.go:814.37,814.38 0 0
GoEdu/GoEdu/proto/education.pb.go:816.59,818.14 2 0
GoEdu/GoEdu/proto/education.pb.go:818.14,820.34 2 0
GoEdu/GoEdu/proto/education.pb.go:820.34,822.4 1 0
GoEdu/GoEdu/proto/education.pb.go:823.3,823.12 1 0
GoEdu/GoEdu/proto/education.pb.go:825.2,825.24 1 0
GoEdu/GoEdu/proto/education.pb.go:829.50,831.2 1 0
GoEdu/GoEdu/proto/education.pb.go:833.48,834.14 1 0
GoEdu/GoEdu/proto/education.pb.go:834.14,836.3 1 0
GoEdu/GoEdu/proto/education.pb.go:837.2,837.12 1 0
GoEdu/GoEdu/proto/education.pb.go:850.34,855.2 4 0
GoEdu/GoEdu/proto/education.pb.go:857.42,859.2 1 0
GoEdu/GoEdu/proto/education.pb.go:861.40,861.41 0 0
GoEdu/GoEdu/proto/education.pb.go:863.62,865.14 2 0
GoEdu/GoEdu/proto/education.pb.go:865.14,867.34 2 0
GoEdu/GoEdu/proto/education.pb.go:867.34,869.4 1 0
GoEdu/GoEdu/proto/education.pb.go:870.3,870.12 1 0
GoEdu/GoEdu/proto/education.pb.go:872.2,872.24 1 0
GoEdu/GoEdu/proto/education.pb.go:876.53,878.2 1 0
GoEdu/GoEdu/proto/education.pb.go:880.46,881.14 1 0
GoEdu/GoEdu/proto/education.pb.go:881.14,883.3 1 0
GoEdu/GoEdu/proto/education.pb.go:884.2,884.10 1 0
GoEdu/GoEdu/proto/education.pb.go:887.44,888.14 1 0
GoEdu/GoEdu/proto/education.pb.go:888.14,890.3 1 0
GoEdu/GoEdu/proto/education.pb.go:891.2,891.11 1 0
GoEdu/GoEdu/proto/education.pb.go:894.46,895.14 1 0
GoEdu/GoEdu/proto/education.pb.go:895.14,897.3 1 0
GoEdu/GoEdu/proto/education.pb.go:898.2,898.11 1 0
GoEdu/GoEdu/proto/education.pb.go:911.27,916.2 4 0
GoEdu/GoEdu/proto/education.pb.go:918.35,920.2 1 0
GoEdu/GoEdu/proto/education.pb.go:922.33,922.34 0 0
GoEdu/GoEdu/proto/education.pb.go:924.55,926.14 2 0
GoEdu/GoEdu/proto/education.pb.go:926.14,928.34 2 0
GoEdu/GoEdu/proto/education.pb.go:928.34,930.4 1 0
GoEdu/GoEdu/proto/education.pb.go:931.3,931.12 1 0
GoEdu/GoEdu/proto/education.pb.go:933.2,933.24 1 0
GoEdu/GoEdu/proto/education.pb.go:937.46,939.2 1 0
GoEdu/GoEdu/proto/education.pb.go:941.33,942.14 1 0
GoEdu/GoEdu/proto/education.pb.go:942.14,944.3 1 0
GoEdu/GoEdu/proto/education.pb.go:945.2,945.10 1 0
GoEdu/GoEdu/proto/education.pb.go:948.39,949.14 1 0
GoEdu/GoEdu/proto/education.pb.go:949.14,951.3 1 0
GoEdu/GoEdu/proto/education.pb.go:952.2,952.10 1 0
GoEdu/GoEdu/proto/education.pb.go:955.37,956.14 1 0
GoEdu/GoEdu/proto/education.pb.go:956.14,958.3 1 0
GoEdu/GoEdu/proto/education.pb.go:959.2,959.11 1 0
GoEdu/GoEdu/proto/education.pb.go:962.39,963.14 1 0
GoEdu/GoEdu/proto/education.pb.go:963.14,965.3 1 0
GoEdu/GoEdu/proto/education.pb.go:966.2,966.11 1 0
GoEdu/GoEdu/proto/education.pb.go:976.31,981.2 4 0
GoEdu/GoEdu/proto/education.pb.go:983.39,985.2 1 0
GoEdu/GoEdu/proto/education.pb.go:987.37,987.38 0 0
GoEdu/GoEdu/proto/education.pb.go:989.59,991.14 2 0
GoEdu/GoEdu/proto/education.pb.go:991.14,993.34 2 0
GoEdu/GoEdu/proto/education.pb.go:993.34,995.4 1 0
GoEdu/GoEdu/proto/education.pb.go:996.3,996.12 1 0
GoEdu/GoEdu/proto/education.pb.go:998.2,998.24 1 0
GoEdu/GoEdu/proto/education.pb.go:1002.50,1004.2 1 0
GoEdu/GoEdu/proto/education.pb.go:1006.48,1007.14 1 0
GoEdu/GoEdu/proto/education.pb.go:1007.14,1009.3 1 0
GoEdu/GoEdu/proto/education.pb.go:1010.2,1010.12 1 0
GoEdu/GoEdu/proto/education.pb.go:1020.36,1025.2 4 0
GoEdu/GoEdu/proto/education.pb.go:1027.44,1029.2 1 0
GoEdu/GoEdu/proto/education.pb.go:1031.42,1031.43 0 0
GoEdu/GoEdu/proto/education.pb.go:1033.64,1035.14 2 0
GoEdu/GoEdu/proto/education.pb.go:1035.14,1037.34 2 0
GoEdu/GoEdu/proto/education.pb.go:1037.34,1039.4 1 0
GoEdu/GoEdu/proto/education.pb.go:1040.3,1040.12 1 0
GoEdu/GoEdu/proto/education.pb.go:1042.2,1042.24 1 0
GoEdu/GoEdu/proto/education.pb.go:1046.55,1048.2 1 0
GoEdu/GoEdu/proto/education.pb.go:1050.49,1051.14 1 0
GoEdu/GoEdu/proto/education.pb.go:1051.14,1053.3 1 0
GoEdu/GoEdu/proto/education.pb.go:1054.2,1054.10 1 0
GoEdu/GoEdu/proto/education.pb.go:1067.34,1072.2 4 0
GoEdu/GoEdu/proto/education.pb.go:1074.42,1076.2 1 0
GoEdu/GoEdu/proto/education.pb.go:1078.40,1078.41 0 0
GoEdu/GoEdu/proto/education.pb.go:1080.62,1082.14 2 0
GoEdu/GoEdu/proto/education.pb.go:1082.14,1084.34 2 0
GoEdu/GoEdu/proto/education.pb.go:1084.34,1086.4 1 0
GoEdu/GoEdu/proto/education.pb.go:1087.3,1087.12 1 0
GoEdu/GoEdu/proto/education.pb.go:1089.2,1089.24 1 0
GoEdu/GoEdu/proto/education.pb.go:1093.53,1095.2 1 0
GoEdu/GoEdu/proto/education.pb.go:1097.40,1098.14 1 0
GoEdu/GoEdu/proto/education.pb.go:1098.14,1100.3 1 0
GoEdu/GoEdu/proto/education.pb.go:1101.2,1101.10 1 0
GoEdu/GoEdu/proto/education.pb.go:1104.46,1105.14 1 0
GoEdu/GoEdu/proto/education.pb.go:1105.14,1107.3 1 0
GoEdu/GoEdu/proto/education.pb.go:1108.2,1108.10 1 0
GoEdu/GoEdu/proto/education.pb.go:1111.44,1112.14 1 0
GoEdu/GoEdu/proto/education.pb.go:1112.14,1114.3 1 0
GoEdu/GoEdu/proto/education.pb.go:1115.2,1115.11 1 0
GoEdu/GoEdu/proto/education.pb.go:1118.46,1119.14 1 0
GoEdu/GoEdu/proto/education.pb.go:1119.14,1121.3 1 0
GoEdu/GoEdu/proto/education.pb.go:1122.2,1122.11 1 0
GoEdu/GoEdu/proto/education.pb.go:1134.40,1139.2 4 0
GoEdu/GoEdu/proto/education.pb.go:1141.48,1143.2 1 0
GoEdu/GoEdu/proto/education.pb.go:1145.46,1145.47 0 0
GoEdu/GoEdu/proto/education.pb.go:1147.68,1149.14 2 0
GoEdu/GoEdu/proto/education.pb.go:1149.14,1151.34 2 0
GoEdu/GoEdu/proto/education.pb.go:1151.34,1153.4 1 0
GoEdu/GoEdu/proto/education.pb.go:1154.3,1154.12 1 0
GoEdu/GoEdu/proto/education.pb.go:1156.2,1156.24 1 0
GoEdu/GoEdu/proto/education.pb.go:1160.59,1162.2 1 0
GoEdu/GoEdu/proto/education.pb.go:1164.46,1165.14 1 0
GoEdu/GoEdu/proto/education.pb.go:1165.14,1167.3 1 0
GoEdu/GoEdu/proto/education.pb.go:1168.2,1168.10 1 0
GoEdu/GoEdu/proto/education.pb.go:1171.50,1172.14 1 0
GoEdu/GoEdu/proto/education.pb.go:1172.14,1174.3 1 0
GoEdu/GoEdu/proto/education.pb.go:1175.2,1175.11 1 0
GoEdu/GoEdu/proto/education.pb.go:1178.52,1179.14 1 0
GoEdu/GoEdu/proto/education.pb.go:1179.14,1181.3 1 0
GoEdu/GoEdu/proto/education.pb.go:1182.2,1182.11 1 0
GoEdu/GoEdu/proto/education.pb.go:1193.44,1198.2 4 0
GoEdu/GoEdu/proto/education.pb.go:1200.52,1202.2 1 0
GoEdu/GoEdu/proto/education.pb.go:1204.50,1204.51 0 0
GoEdu/GoEdu/proto/education.pb.go:1206.72,1208.14 2 0
GoEdu/GoEdu/proto/education.pb.go:1208.14,1210.34 2 0
GoEdu/GoEdu/proto/education.pb.go:1210.34,1212.4 1 0
GoEdu/GoEdu/proto/education.pb.go:1213.3,1213.12 1 0
GoEdu/GoEdu/proto/education.pb.go:1215.2,1215.24 1 0
GoEdu/GoEdu/proto/education.pb.go:1219.63,1221.2 1 0
GoEdu/GoEdu/proto/education.pb.go:1223.57,1224.14 1 0
GoEdu/GoEdu/proto/education.pb.go:1224.14,1226.3 1 0
GoEdu/GoEdu/proto/education.pb.go:1227.2,1227.10 1 0
GoEdu/GoEdu/proto/education.pb.go:1230.57,1231.14 1 0
GoEdu/GoEdu/proto/education.pb.go:1231.14,1233.3 1 0
GoEdu/GoEdu/proto/education.pb.go:1234.2,1234.10 1 0
GoEdu/GoEdu/proto/education.pb.go:1245.41,1250.2 4 0
GoEdu/GoEdu/proto/education.pb.go:1252.49,1254.2 1 0
GoEdu/GoEdu/proto/education.pb.go:1256.47,1256.48 0 0
GoEdu/GoEdu/proto/education.pb.go:1258.69,1260.14 2 0
GoEdu/GoEdu/proto/education.pb.go:1260.14,1262.34 2 0
GoEdu/GoEdu/proto/education.pb.go:1262.34,1264.4 1 0
GoEdu/GoEdu/proto/education.pb.go:1265.3,1265.12 1 0
GoEdu/GoEdu/proto/education.pb.go:1267.2,1267.24 1 0
GoEdu/GoEdu/proto/education.pb.go:1271.60,1273.2 1 0
GoEdu/GoEdu/proto/education.pb.go:1275.54,1276.14 1 0
GoEdu/GoEdu/proto/education.pb.go:1276.14,1278.3 1 0
GoEdu/GoEdu/proto/education.pb.go:1279.2,1279.10 1 0
GoEdu/GoEdu/proto/education.pb.go:1282.53,1283.14 1 0
GoEdu/GoEdu/proto/education.pb.go:1283.14,1285.3 1 0
GoEdu/GoEdu/proto/education.pb.go:1286.2,1286.10 1 0
GoEdu/GoEdu/proto/education.pb.go:1298.34,1303.2 4 0
GoEdu/GoEdu/proto/education.pb.go:1305.42,1307.2 1 0
GoEdu/GoEdu/proto/education.pb.go:1309.40,1309.41 0 0
GoEdu/GoEdu/proto/education.pb.go:1311.62,1313.14 2 0
GoEdu/GoEdu/proto/education.pb.go:1313.14,1315.34 2 0
GoEdu/GoEdu/proto/education.pb.go:1315.34,1317.4 1 0
GoEdu/GoEdu/proto/education.pb.go:1318.3,1318.12 1 0
GoEdu/GoEdu/proto/education.pb.go:1320.2,1320.24 1 0
GoEdu/GoEdu/proto/education.pb.go:1324.53,1326.2 1 0
GoEdu/GoEdu/proto/education.pb.go:1328.46,1329.14 1 0
GoEdu/GoEdu/proto/education.pb.go:1329.14,1331.3 1 0
GoEdu/GoEdu/proto/education.pb.go:1332.2,1332.10 1 0
GoEdu/GoEdu/proto/education.pb.go:1335.47,1336.14 1 0
GoEdu/GoEdu/proto/education.pb.go:1336.14,1338.3 1 0
GoEdu/GoEdu/proto/education.pb.go:1339.2,1339.10 1 0
GoEdu/GoEdu/proto/education.pb.go:1342.54,1343.14 1 0
GoEdu/GoEdu/proto/education.pb.go:1343.14,1345.3 1 0
GoEdu/GoEdu/proto/education.pb.go:1346.2,1346.10 1 0
GoEdu/GoEdu/proto/education.pb.go:1359.45,1364.2 4 0
GoEdu/GoEdu/proto/education.pb.go:1366.53,1368.2 1 0
GoEdu/GoEdu/proto/education.pb.go:1370.51,1370.52 0 0
GoEdu/GoEdu/proto/education.pb.go:1372.73,1374.14 2 0
GoEdu/GoEdu/proto/education.pb.go:1374.14,1376.34 2 0
GoEdu/GoEdu/proto/education.pb.go:1376.34,1378.4 1 0
GoEdu/GoEdu/proto/education.pb.go:1379.3,1379.12 1 0
GoEdu/GoEdu/proto/education.pb.go:1381.2,1381.24 1 0
GoEdu/GoEdu/proto/education.pb.go:1385.64,1387.2 1 0
GoEdu/GoEdu/proto/education.pb.go:1389.54,1390.14 1 0
GoEdu/GoEdu/proto/education.pb.go:1390.14,1392.3 1 0
GoEdu/GoEdu/proto/education.pb.go:1393.2,1393.11 1 0
GoEdu/GoEdu/proto/education.pb.go:1396.55,1397.14 1 0
GoEdu/GoEdu/proto/education.pb.go:1397.14,1399.3 1 0
GoEdu/GoEdu/proto/education.pb.go:1400.2,1400.11 1 0
GoEdu/GoEdu/proto/education.pb.go:1403.58,1404.14 1 0
GoEdu/GoEdu/proto/education.pb.go:1404.14,1406.3 1 0
GoEdu/GoEdu/proto/education.pb.go:1407.2,1407.11 1 0
GoEdu/GoEdu/proto/education.pb.go:1420.30,1425.2 4 0
GoEdu/GoEdu/proto/education.pb.go:1427.38,1429.2 1 0
GoEdu/GoEdu/proto/education.pb.go:1431.36,1431.37 0 0
GoEdu/GoEdu/proto/education.pb.go:1433.58,1435.14 2 0
GoEdu/GoEdu/proto/education.pb.go:1435.14,1437.34 2 0
GoEdu/GoEdu/proto/education.pb.go:1437.34,1439.4 1 0
GoEdu/GoEdu/proto/education.pb.go:1440.3,1440.12 1 0
GoEdu/GoEdu/proto/education.pb.go:1442.2,1442.24 1 0
GoEdu/GoEdu/proto/education.pb.go:1446.49,1448.2 1 0
GoEdu/GoEdu/proto/education.pb.go:1450.36,1451.14 1 0
GoEdu/GoEdu/proto/education.pb.go:1451.14,1453.3 1 0
GoEdu/GoEdu/proto/education.pb.go:1454.2,1454.10 1 0
GoEdu/GoEdu/proto/education.pb.go:1457.39,1458.14 1 0
GoEdu/GoEdu/proto/education.pb.go:1458.14,1460.3 1 0
GoEdu/GoEdu/proto/education.pb.go:1461.2,1461.11 1 0
GoEdu/GoEdu/proto/education.pb.go:1464.40,1465.14 1 0
GoEdu/GoEdu/proto/education.pb.go:1465.14,1467.3 1 0
GoEdu/GoEdu/proto/education.pb.go:1468.2,1468.11 1 0
GoEdu/GoEdu/proto/education.pb.go:1471.40,1472.14 1 0
GoEdu/GoEdu/proto/education.pb.go:1472.14,1474.3 1 0
GoEdu/GoEdu/proto/education.pb.go:1475.2,1475.11 1 0
GoEdu/GoEdu/proto/education.pb.go:1485.39,1490.2 4 0
GoEdu/GoEdu/proto/education.pb.go:1492.47,1494.2 1 0
GoEdu/GoEdu/proto/education.pb.go:1496.45,1496.46 0 0
GoEdu/GoEdu/proto/education.pb.go:1498.67,1500.14 2 0
GoEdu/GoEdu/proto/education.pb.go:1500.14,1502.34 2 0
GoEdu/GoEdu/proto/education.pb.go:1502.34,1504.4 1 0
GoEdu/GoEdu/proto/education.pb.go:1505.3,1505.12 1 0
GoEdu/GoEdu/proto/education.pb.go:1507.2,1507.24 1 0
GoEdu/GoEdu/proto/education.pb.go:1511.58,1513.2 1 0
GoEdu/GoEdu/proto/education.pb.go:1515.55,1516.14 1 0
GoEdu/GoEdu/proto/education.pb.go:1516.14,1518.3 1 0
GoEdu/GoEdu/proto/education.pb.go:1519.2,1519.10 1 0
GoEdu/GoEdu/proto/education.pb.go:1533.33,1538.2 4 0
GoEdu/GoEdu/proto/education.pb.go:1540.41,1542.2 1 0
GoEdu/GoEdu/proto/education.pb.go:1544.39,1544.40 0 0
GoEdu/GoEdu/proto/education.pb.go:1546.61,1548.14 2 0
GoEdu/GoEdu/proto/education.pb.go:1548.14,1550.34 2 0
GoEdu/GoEdu/proto/education.pb.go:1550.34,1552.4 1 0
GoEdu/GoEdu/proto/education.pb.go:1553.3,1553.12 1 0
GoEdu/GoEdu/proto/education.pb.go:1555.2,1555.24 1 0
GoEdu/GoEdu/proto/education.pb.go:1559.52,1561.2 1 0
GoEdu/GoEdu/proto/education.pb.go:1563.46,1564.14 1 0
GoEdu/GoEdu/proto/education.pb.go:1564.14,1566.3 1 0
GoEdu/GoEdu/proto/education.pb.go:1567.2,1567.10 1 0
GoEdu/GoEdu/proto/education.pb.go:1570.45,1571.14 1 0
GoEdu/GoEdu/proto/education.pb.go:1571.14,1573.3 1 0
GoEdu/GoEdu/proto/education.pb.go:1574.2,1574.10 1 0
GoEdu/GoEdu/proto/education.pb.go:1577.45,1578.14 1 0
GoEdu/GoEdu/proto/education.pb.go:1578.14,1580.3 1 0
GoEdu/GoEdu/proto/education.pb.go:1581.2,1581.11 1 0
GoEdu/GoEdu/proto/education.pb.go:1584.43,1585.14 1 0
GoEdu/GoEdu/proto/education.pb.go:1585.14,1587.3 1 0
GoEdu/GoEdu/proto/education.pb.go:1588.2,1588.10 1 0
GoEdu/GoEdu/proto/education.pb.go:1603.26,1608.2 4 0
GoEdu/GoEdu/proto/education.pb.go:1610.34,1612.2 1 0
GoEdu/GoEdu/proto/education.pb.go:1614.32,1614.33 0 0
GoEdu/GoEdu/proto/education.pb.go:1616.54,1618.14 2 0
GoEdu/GoEdu/proto/education.pb.go:1618.14,1620.34 2 0
GoEdu/GoEdu/proto/education.pb.go:1620.34,1622.4 1 0
GoEdu/GoEdu/proto/education.pb.go:1623.3,1623.12 1 0
GoEdu/GoEdu/proto/education.pb.go:1625.2,1625.24 1 0
GoEdu/GoEdu/proto/education.pb.go:1629.45,1631.2 1 0
GoEdu/GoEdu/proto/education.pb.go:1633.32,1634.14 1 0
GoEdu/GoEdu/proto/education.pb.go:1634.14,1636.3 1 0
GoEdu/GoEdu/proto/education.pb.go:1637.2,1637.10 1 0
GoEdu/GoEdu/proto/education.pb.go:1640.39,1641.14 1 0
GoEdu/GoEdu/proto/education.pb.go:1641.14,1643.3 1 0
GoEdu/GoEdu/proto/education.pb.go:1644.2,1644.10 1 0
GoEdu/GoEdu/proto/education.pb.go:1647.38,1648.14 1 0
GoEdu/GoEdu/proto/education.pb.go:1648.14,1650.3 1 0
GoEdu/GoEdu/proto/education.pb.go:1651.2,1651.10 1 0
GoEdu/GoEdu/proto/education.pb.go:1654.38,1655.14 1 0
GoEdu/GoEdu/proto/education.pb.go:1655.14,1657.3 1 0
GoEdu/GoEdu/proto/education.pb.go:1658.2,1658.11 1 0
GoEdu/GoEdu/proto/education.pb.go:1661.36,1662.14 1 0
GoEdu/GoEdu/proto/education.pb.go:1662.14,1664.3 1 0
GoEdu/GoEdu/proto/education.pb.go:1665.2,1665.10 1 0
GoEdu/GoEdu/proto/education.pb.go:1668.40,1669.14 1 0
GoEdu/GoEdu/proto/education.pb.go:1669.14,1671.3 1 0
GoEdu/GoEdu/proto/education.pb.go:1672.2,1672.11 1 0
GoEdu/GoEdu/proto/education.pb.go:1682.30,1687.2 4 0
GoEdu/GoEdu/proto/education.pb.go:1689.38,1691.2 1 0
GoEdu/GoEdu/proto/education.pb.go:1693.36,1693.37 0 0
GoEdu/GoEdu/proto/education.pb.go:1695.58,1697.14 2 0
GoEdu/GoEdu/proto/education.pb.go:1697.14,1699.34 2 0
GoEdu/GoEdu/proto/education.pb.go:1699.34,1701.4 1 0
GoEdu/GoEdu/proto/education.pb.go:1702.3,1702.12 1 0
GoEdu/GoEdu/proto/education.pb.go:1704.2,1704.24 1 0
GoEdu/GoEdu/proto/education.pb.go:1708.49,1710.2 1 0
GoEdu/GoEdu/proto/education.pb.go:1712.45,1713.14 1 0
GoEdu/GoEdu/proto/education.pb.go:1713.14,1715.3 1 0
GoEdu/GoEdu/proto/education.pb.go:1716.2,1716.12 1 0
GoEdu/GoEdu/proto/education.pb.go:1727.33,1732.2 4 0
GoEdu/GoEdu/proto/education.pb.go:1734.41,1736.2 1 0
GoEdu/GoEdu/proto/education.pb.go:1738.39,1738.40 0 0
GoEdu/GoEdu/proto/education.pb.go:1740.61,1742.14 2 0
GoEdu/GoEdu/proto/education.pb.go:1742.14,1744.34 2 0
GoEdu/GoEdu/proto/education.pb.go:1744.34,1746.4 1 0
GoEdu/GoEdu/proto/education.pb.go:1747.3,1747.12 1 0
GoEdu/GoEdu/proto/education.pb.go:1749.2,1749.24 1 0
GoEdu/GoEdu/proto/education.pb.go:1753.52,1755.2 1 0
GoEdu/GoEdu/proto/education.pb.go:1757.45,1758.14 1 0
GoEdu/GoEdu/proto/education.pb.go:1758.14,1760.3 1 0
GoEdu/GoEdu/proto/education.pb.go:1761.2,1761.11 1 0
GoEdu/GoEdu/proto/education.pb.go:2067.54,2068.51 1 0
GoEdu/GoEdu/proto/education.pb.go:2068.51,2070.3 1 0
GoEdu/GoEdu/proto/education.pb.go:2071.2,2071.47 1 0
GoEdu/GoEdu/proto/education.pb.go:2174.13,2174.50 1 0
GoEdu/GoEdu/proto/education.pb.go:2175.40,2176.39 1 0
GoEdu/GoEdu/proto/education.pb.go:2176.39,2178.3 1 0
GoEdu/GoEdu/proto/education.pb.go:2179.2,2196.42 6 0
GoEdu/GoEdu/proto/education_grpc.pb.go:54.84,56.2 1 0
GoEdu/GoEdu/proto/education_grpc.pb.go:58.123,62.16 4 0
GoEdu/GoEdu/proto/education_grpc.pb.go:62.16,64.3 1 0
GoEdu/GoEdu/proto/education_grpc.pb.go:65.2,65.17 1 0
GoEdu/GoEdu/proto/education_grpc.pb.go:68.132,72.16 4 0
GoEdu/GoEdu/proto/education_grpc.pb.go:72.16,74.3 1 0
GoEdu/GoEdu/proto/education_grpc.pb.go:75.2,75.17 1 0
GoEdu/GoEdu/proto/education_grpc.pb.go:78.132,82.16 4 0
GoEdu/GoEdu/proto/education_grpc.pb.go:82.16,84.3 1 0
GoEdu/GoEdu/proto/education_grpc.pb.go:85.2,85.17 1 0
GoEdu/GoEdu/proto/education_grpc.pb.go:88.135,92.16 4 0
GoEdu/GoEdu/proto/education_grpc.pb.go:92.16,94.3 1 0
GoEdu/GoEdu/proto/education_grpc.pb.go:95.2,95.17 1 0
GoEdu/GoEdu/proto/education_grpc.pb.go:98.130,102.16 4 0
GoEdu/GoEdu/proto/education_grpc.pb.go:102.16,104.3 1 0
GoEdu/GoEdu/proto/education_grpc.pb.go:105.2,105.17 1 0
GoEdu/GoEdu/proto/education_grpc.pb.go:108.134,112.16 4 0
GoEdu/GoEdu/proto/education_grpc.pb.go:112.16,114.3 1 0
GoEdu/GoEdu/proto/education_grpc.pb.go:115.2,115.17 1 0
GoEdu/GoEdu/proto/education_grpc.pb.go:146.101,148.2 1 0
GoEdu/GoEdu/proto/education_grpc.pb.go:149.110,151.2 1 0
GoEdu/GoEdu/proto/education_grpc.pb.go:152.110,154.2 1 0
GoEdu/GoEdu/proto/education_grpc.pb.go:155.113,157.2 1 0
GoEdu/GoEdu/proto/education_grpc.pb.go:158.108,160.2 1 0
GoEdu/GoEdu/proto/education_grpc.pb.go:161.112,163.2 1 0
GoEdu/GoEdu/proto/education_grpc.pb.go:164.92,164.93 0 0
GoEdu/GoEdu/proto/education_grpc.pb.go:165.92,165.93 0 0
GoEdu/GoEdu/proto/education_grpc.pb.go:174.90,179.59 1 0
GoEdu/GoEdu/proto/education_grpc.pb.go:179.59,181.3 1 0
GoEdu/GoEdu/proto/education_grpc.pb.go:182.2,182.55 1 0
GoEdu/GoEdu/proto/education_grpc.pb.go:185.172,187.32 2 0
GoEdu/GoEdu/proto/education_grpc.pb.go:187.32,189.3 1 0
GoEdu/GoEdu/proto/education_grpc.pb.go:190.2,190.24 1 0
GoEdu/GoEdu/proto/education_grpc.pb.go:190.24,192.3 1 0
GoEdu/GoEdu/proto/education_grpc.pb.go:193.2,197.77 2 0
GoEdu/GoEdu/proto/education_grpc.pb.go:197.77,199.3 1 0
GoEdu/GoEdu/proto/education_grpc.pb.go:200.2,200.44 1 0
GoEdu/GoEdu/proto/education_grpc.pb.go:203.175,205.32 2 0
GoEdu/GoEdu/proto/education_grpc.pb.go:205.32,207.3 1 0
GoEdu/GoEdu/proto/education_grpc.pb.go:208.2,208.24 1 0
GoEdu/GoEdu/proto/education_grpc.pb.go:208.24,210.3 1 0
GoEdu/GoEdu/proto/education_grpc.pb.go:211.2,215.77 2 0
GoEdu/GoEdu/proto/education_grpc.pb.go:215.77,217.3 1 0
GoEdu/GoEdu/proto/education_grpc.pb.go:218.2,218.44 1 0
GoEdu/GoEdu/proto/education_grpc.pb.go:221.174,223.32 2 0
GoEdu/GoEdu/proto/education_grpc.pb.go:223.32,225.3 1 0
GoEdu/GoEdu/proto/education_grpc.pb.go:226.2,226.24 1 0
GoEdu/GoEdu/proto/education_grpc.pb.go:226.24,228.3 1 0
GoEdu/GoEdu/proto/education_grpc.pb.go:229.2,233.77 2 0
GoEdu/GoEdu/proto/education_grpc.pb.go:233.77,235.3 1 0
GoEdu/GoEdu/proto/education_grpc.pb.go:236.2,236.44 1 0
GoEdu/GoEdu/proto/education_grpc.pb.go:239.174,241.32 2 0
GoEdu/GoEdu/proto/education_grpc.pb.go:241.32,243.3 1 0
GoEdu/GoEdu/proto/education_grpc.pb.go:244.2,244.24 1 0
GoEdu/GoEdu/proto/education_grpc.pb.go:244.24,246.3 1 0
GoEdu/GoEdu/proto/education_grpc.pb.go:247.2,251.77 2 0
GoEdu/GoEdu/proto/education_grpc.pb.go:251.77,253.3 1 0
GoEdu/GoEdu/proto/education_grpc.pb.go:254.2,254.44 1 0
GoEdu/GoEdu/proto/education_grpc.pb.go:257.174,259.32 2 0
GoEdu/GoEdu/proto/education_grpc.pb.go:259.32,261.3 1 0
GoEdu/GoEdu/proto/education_grpc.pb.go:262.2,262.24 1 0
GoEdu/GoEdu/proto/education_grpc.pb.go:262.24,264.3 1 0
GoEdu/GoEdu/proto/education_grpc.pb.go:265.2,269.77 2 0
GoEdu/GoEdu/proto/education_grpc.pb.go:269.77,271.3 1 0
GoEdu/GoEdu/proto/education_grpc.pb.go:272.2,272.44 1 0
GoEdu/GoEdu/proto/education_grpc.pb.go:275.175,277.32 2 0
GoEdu/GoEdu/proto/education_grpc.pb.go:277.32,279.3 1 0
GoEdu/GoEdu/proto/education_grpc.pb.go:280.2,280.24 1 0
GoEdu/GoEdu/proto/education_grpc.pb.go:280.24,282.3 1 0
GoEdu/GoEdu/proto/education_grpc.pb.go:283.2,287.77 2 0
GoEdu/GoEdu/proto/education_grpc.pb.go:287.77,289.3 1 0
GoEdu/GoEdu/proto/education_grpc.pb.go:290.2,290.44 1 0
GoEdu/GoEdu/proto/education_grpc.pb.go:356.80,358.2 1 0
GoEdu/GoEdu/proto/education_grpc.pb.go:360.140,364.16 4 0
GoEdu/GoEdu/proto/education_grpc.pb.go:364.16,366.3 1 0
GoEdu/GoEdu/proto/education_grpc.pb.go:367.2,367.17 1 0
GoEdu/GoEdu/proto/education_grpc.pb.go:370.132,374.16 4 0
GoEdu/GoEdu/proto/education_grpc.pb.go:374.16,376.3 1 0
GoEdu/GoEdu/proto/education_grpc.pb.go:377.2,377.17 1 0
GoEdu/GoEdu/proto/education_grpc.pb.go:380.136,384.16 4 0
GoEdu/GoEdu/proto/education_grpc.pb.go:384.16,386.3 1 0
GoEdu/GoEdu/proto/education_grpc.pb.go:387.2,387.17 1 0
GoEdu/GoEdu/proto/education_grpc.pb.go:390.143,394.16 4 0
GoEdu/GoEdu/proto/education_grpc.pb.go:394.16,396.3 1 0
GoEdu/GoEdu/proto/education_grpc.pb.go:397.2,397.17 1 0
GoEdu/GoEdu/proto/education_grpc.pb.go:424.118,426.2 1 0
GoEdu/GoEdu/proto/education_grpc.pb.go:427.110,429.2 1 0
GoEdu/GoEdu/proto/education_grpc.pb.go:430.114,432.2 1 0
GoEdu/GoEdu/proto/education_grpc.pb.go:433.121,435.2 1 0
GoEdu/GoEdu/proto/education_grpc.pb.go:436.88,436.89 0 0
GoEdu/GoEdu/proto/education_grpc.pb.go:437.88,437.89 0 0
GoEdu/GoEdu/proto/education_grpc.pb.go:446.86,451.59 1 0
GoEdu/GoEdu/proto/education_grpc.pb.go:451.59,453.3 1 0
GoEdu/GoEdu/proto/education_grpc.pb.go:454.2,454.53 1 0
GoEdu/GoEdu/proto/education_grpc.pb.go:457.175,459.32 2 0
GoEdu/GoEdu/proto/education_grpc.pb.go:459.32,461.3 1 0
GoEdu/GoEdu/proto/education_grpc.pb.go:462.2,462.24 1 0
GoEdu/GoEdu/proto/education_grpc.pb.go:462.24,464.3 1 0
GoEdu/GoEdu/proto/education_grpc.pb.go:465.2,469.77 2 0
GoEdu/GoEdu/proto/education_grpc.pb.go:469.77,471.3 1 0
GoEdu/GoEdu/proto/education_grpc.pb.go:472.2,472.44 1 0
GoEdu/GoEdu/proto/education_grpc.pb.go:475.172,477.32 2 0
GoEdu/GoEdu/proto/education_grpc.pb.go:477.32,479.3 1 0
GoEdu/GoEdu/proto/education_grpc.pb.go:480.2,480.24 1 0
GoEdu/GoEdu/proto/education_grpc.pb.go:480.24,482.3 1 0
GoEdu/GoEdu/proto/education_grpc.pb.go:483.2,487.77 2 0
GoEdu/GoEdu/proto/education_grpc.pb.go:487.77,489.3 1 0
GoEdu/GoEdu/proto/education_grpc.pb.go:490.2,490.44 1 0
GoEdu/GoEdu/proto/education_grpc.pb.go:493.177,495.32 2 0
GoEdu/GoEdu/proto/education_grpc.pb.go:495.32,497.3 1 0
GoEdu/GoEdu/proto/education_grpc.pb.go:498.2,498.24 1 0
GoEdu/GoEdu/proto/education_grpc.pb.go:498.24,500.3 1 0
GoEdu/GoEdu/proto/education_grpc.pb.go:501.2,505.77 2 0
GoEdu/GoEdu/proto/education_grpc.pb.go:505.77,507.3 1 0
GoEdu/GoEdu/proto/education_grpc.pb.go:508.2,508.44 1 0
GoEdu/GoEdu/proto/education_grpc.pb.go:511.180,513.32 2 0
GoEdu/GoEdu/proto/education_grpc.pb.go:513.32,515.3 1 0
GoEdu/GoEdu/proto/education_grpc.pb.go:516.2,516.24 1 0
GoEdu/GoEdu/proto/education_grpc.pb.go:516.24,518.3 1 0
GoEdu/GoEdu/proto/education_grpc.pb.go:519.2,523.77 2 0
GoEdu/GoEdu/proto/education_grpc.pb.go:523.77,525.3 1 0
GoEdu/GoEdu/proto/education_grpc.pb.go:526.2,526.44 1 0
GoEdu/GoEdu/proto/education_grpc.pb.go:584.86,586.2 1 0
GoEdu/GoEdu/proto/education_grpc.pb.go:588.134,592.16 4 0
GoEdu/GoEdu/proto/education_grpc.pb.go:592.16,594.3 1 0
GoEdu/GoEdu/proto/education_grpc.pb.go:595.2,595.17 1 0
GoEdu/GoEdu/proto/education_grpc.pb.go:598.144,602.16 4 0
GoEdu/GoEdu/proto/education_grpc.pb.go:602.16,604.3 1 0
GoEdu/GoEdu/proto/education_grpc.pb.go:605.2,605.17 1 0
GoEdu/GoEdu/proto/education_grpc.pb.go:608.144,612.16 4 0
GoEdu/GoEdu/proto/education_grpc.pb.go:612.16,614.3 1 0
GoEdu/GoEdu/proto/education_grpc.pb.go:615.2,615.17 1 0
GoEdu/GoEdu/proto/education_grpc.pb.go:618.136,622.16 4 0
GoEdu/GoEdu/proto/education_grpc.pb.go:622.16,624.3 1 0
GoEdu/GoEdu/proto/education_grpc.pb.go:625.2,625.17 1 0
GoEdu/GoEdu/proto/education_grpc.pb.go:652.112,654.2 1 0
GoEdu/GoEdu/proto/education_grpc.pb.go:655.122,657.2 1 0
GoEdu/GoEdu/proto/education_grpc.pb.go:658.122,660.2 1 0
GoEdu/GoEdu/proto/education_grpc.pb.go:661.114,663.2 1 0
GoEdu/GoEdu/proto/education_grpc.pb.go:664.94,664.95 0 0
GoEdu/GoEdu/proto/education_grpc.pb.go:665.94,665.95 0 0
GoEdu/GoEdu/proto/education_grpc.pb.go:674.92,679.59 1 0
GoEdu/GoEdu/proto/education_grpc.pb.go:679.59,681.3 1 0
GoEdu/GoEdu/proto/education_grpc.pb.go:682.2,682.56 1 0
GoEdu/GoEdu/proto/education_grpc.pb.go:685.176,687.32 2 0
GoEdu/GoEdu/proto/education_grpc.pb.go:687.32,689.3 1 0
GoEdu/GoEdu/proto/education_grpc.pb.go:690.2,690.24 1 0
GoEdu/GoEdu/proto/education_grpc.pb.go:690.24,692.3 1 0
GoEdu/GoEdu/proto/education_grpc.pb.go:693.2,697.77 2 0
GoEdu/GoEdu/proto/education_grpc.pb.go:697.77,699.3 1 0
GoEdu/GoEdu/proto/education_grpc.pb.go:700.2,700.44 1 0
GoEdu/GoEdu/proto/education_grpc.pb.go:703.182,705.32 2 0
GoEdu/GoEdu/proto/education_grpc.pb.go:705.32,707.3 1 0
GoEdu/GoEdu/proto/education_grpc.pb.go:708.2,708.24 1 0
GoEdu/GoEdu/proto/education_grpc.pb.go:708.24,710.3 1 0
GoEdu/GoEdu/proto/education_grpc.pb.go:711.2,715.77 2 0
GoEdu/GoEdu/proto/education_grpc.pb.go:715.77,717.3 1 0
GoEdu/GoEdu/proto/education_grpc.pb.go:718.2,718.44 1 0
GoEdu/GoEdu/proto/education_grpc.pb.go:721.182,723.32 2 0
GoEdu/GoEdu/proto/education_grpc.pb.go:723.32,725.3 1 0
GoEdu/GoEdu/proto/education_grpc.pb.go:726.2,726.24 1 0
GoEdu/GoEdu/proto/education_grpc.pb.go:726.24,728.3 1 0
GoEdu/GoEdu/proto/education_grpc.pb.go:729.2,733.77 2 0
GoEdu/GoEdu/proto/education_grpc.pb.go:733.77,735.3 1 0
GoEdu/GoEdu/proto/education_grpc.pb.go:736.2,736.44 1 0
GoEdu/GoEdu/proto/education_grpc.pb.go:739.178,741.32 2 0
GoEdu/GoEdu/proto/education_grpc.pb.go:741.32,743.3 1 0
GoEdu/GoEdu/proto/education_grpc.pb.go:744.2,744.24 1 0
GoEdu/GoEdu/proto/education_grpc.pb.go:744.24,746.3 1 0
GoEdu/GoEdu/proto/education_grpc.pb.go:747.2,751.77 2 0
GoEdu/GoEdu/proto/education_grpc.pb.go:751.77,753.3 1 0
GoEdu/GoEdu/proto/education_grpc.pb.go:754.2,754.44 1 0
GoEdu/GoEdu/proto/education_grpc.pb.go:824.80,826.2 1 0
GoEdu/GoEdu/proto/education_grpc.pb.go:828.135,832.16 4 0
GoEdu/GoEdu/proto/education_grpc.pb.go:832.16,834.3 1 0
GoEdu/GoEdu/proto/education_grpc.pb.go:835.2,835.17 1 0
GoEdu/GoEdu/proto/education_grpc.pb.go:838.141,842.16 4 0
GoEdu/GoEdu/proto/education_grpc.pb.go:842.16,844.3 1 0
GoEdu/GoEdu/proto/education_grpc.pb.go:845.2,845.17 1 0
GoEdu/GoEdu/proto/education_grpc.pb.go:848.143,852.16 4 0
GoEdu/GoEdu/proto/education_grpc.pb.go:852.16,854.3 1 0
GoEdu/GoEdu/proto/education_grpc.pb.go:855.2,855.17 1 0
GoEdu/GoEdu/proto/education_grpc.pb.go:858.136,862.16 4 0
GoEdu/GoEdu/proto/education_grpc.pb.go:862.16,864.3 1 0
GoEdu/GoEdu/proto/education_grpc.pb.go:865.2,865.17 1 0
GoEdu/GoEdu/proto/education_grpc.pb.go:868.130,872.16 4 0
GoEdu/GoEdu/proto/education_grpc.pb.go:872.16,874.3 1 0
GoEdu/GoEdu/proto/education_grpc.pb.go:875.2,875.17 1 0
GoEdu/GoEdu/proto/education_grpc.pb.go:878.147,882.16 4 0
GoEdu/GoEdu/proto/education_grpc.pb.go:882.16,884.3 1 0
GoEdu/GoEdu/proto/education_grpc.pb.go:885.2,885.17 1 0
GoEdu/GoEdu/proto/education_grpc.pb.go:888.148,892.16 4 0
GoEdu/GoEdu/proto/education_grpc.pb.go:892.16,894.3 1 0
GoEdu/GoEdu/proto/education_grpc.pb.go:895.2,895.17 1 0
GoEdu/GoEdu/proto/education_grpc.pb.go:898.143,902.16 4 0
GoEdu/GoEdu/proto/education_grpc.pb.go:902.16,904.3 1 0
GoEdu/GoEdu/proto/education_grpc.pb.go:905.2,905.17 1 0
GoEdu/GoEdu/proto/education_grpc.pb.go:940.113,942.2 1 0
GoEdu/GoEdu/proto/education_grpc.pb.go:943.119,945.2 1 0
GoEdu/GoEdu/proto/education_grpc.pb.go:946.121,948.2 1 0
GoEdu/GoEdu/proto/education_grpc.pb.go:949.114,951.2 1 0
GoEdu/GoEdu/proto/education_grpc.pb.go:952.108,954.2 1 0
GoEdu/GoEdu/proto/education_grpc.pb.go:955.125,957.2 1 0
GoEdu/GoEdu/proto/education_grpc.pb.go:958.126,960.2 1 0
GoEdu/GoEdu/proto/education_grpc.pb.go:961.121,963.2 1 0
GoEdu/GoEdu/proto/education_grpc.pb.go:964.88,964.89 0 0
GoEdu/GoEdu/proto/education_grpc.pb.go:965.88,965.89 0 0
GoEdu/GoEdu/proto/education_grpc.pb.go:974.86,979.59 1 0
GoEdu/GoEdu/proto/education_grpc.pb.go:979.59,981.3 1 0
GoEdu/GoEdu/proto/education_grpc.pb.go:982.2,982.53 1 0
GoEdu/GoEdu/proto/education_grpc.pb.go:985.178,987.32 2 0
GoEdu/GoEdu/proto/education_grpc.pb.go:987.32,989.3 1 0
GoEdu/GoEdu/proto/education_grpc.pb.go:990.2,990.24 1 0
GoEdu/GoEdu/proto/education_grpc.pb.go:990.24,992.3 1 0
GoEdu/GoEdu/proto/education_grpc.pb.go:993.2,997.77 2 0
GoEdu/GoEdu/proto/education_grpc.pb.go:997.77,999.3 1 0
GoEdu/GoEdu/proto/education_grpc.pb.go:1000.2,1000.44 1 0
GoEdu/GoEdu/proto/education_grpc.pb.go:1003.179,1005.32 2 0
GoEdu/GoEdu/proto/education_grpc.pb.go:1005.32,1007.3 1 0
GoEdu/GoEdu/proto/education_grpc.pb.go:1008.2,1008.24 1 0
GoEdu/GoEdu/proto/education_grpc.pb.go:1008.24,1010.3 1 0
GoEdu/GoEdu/proto/education_grpc.pb.go:1011.2,1015.77 2 0
GoEdu/GoEdu/proto/education_grpc.pb.go:1015.77,1017.3 1 0
GoEdu/GoEdu/proto/education_grpc.pb.go:1018.2,1018.44 1 0
GoEdu/GoEdu/proto/education_grpc.pb.go:1021.177,1023.32 2 0
GoEdu/GoEdu/proto/education_grpc.pb.go:1023.32,1025.3 1 0
GoEdu/GoEdu/proto/education_grpc.pb.go:1026.2,1026.24 1 0
GoEdu/GoEdu/proto/education_grpc.pb.go:1026.24,1028.3 1 0
GoEdu/GoEdu/proto/education_grpc.pb.go:1029.2,1033.77 2 0
GoEdu/GoEdu/proto/education_grpc.pb.go:1033.77,1035.3 1 0
GoEdu/GoEdu/proto/education_grpc.pb.go:1036.2,1036.44 1 0
GoEdu/GoEdu/proto/education_grpc.pb.go:1039.173,1041.32 2 0
GoEdu/GoEdu/proto/education_grpc.pb.go:1041.32,1043.3 1 0
GoEdu/GoEdu/proto/education_grpc.pb.go:1044.2,1044.24 1 0
GoEdu/GoEdu/proto/education_grpc.pb.go:1044.24,1046.3 1 0
GoEdu/GoEdu/proto/education_grpc.pb.go:1047.2,1051.77 2 0
GoEdu/GoEdu/proto/education_grpc.pb.go:1051.77,1053.3 1 0
GoEdu/GoEdu/proto/education_grpc.pb.go:1054.2,1054.44 1 0
GoEdu/GoEdu/proto/education_grpc.pb.go:1057.173,1059.32 2 0
GoEdu/GoEdu/proto/education_grpc.pb.go:1059.32,1061.3 1 0
GoEdu/GoEdu/proto/education_grpc.pb.go:1062.2,1062.24 1 0
GoEdu/GoEdu/proto/education_grpc.pb.go:1062.24,1064.3 1 0
GoEdu/GoEdu/proto/education_grpc.pb.go:1065.2,1069.77 2 0
GoEdu/GoEdu/proto/education_grpc.pb.go:1069.77,1071.3 1 0
GoEdu/GoEdu/proto/education_grpc.pb.go:1072.2,1072.44 1 0
GoEdu/GoEdu/proto/education_grpc.pb.go:1075.182,1077.32 2 0
GoEdu/GoEdu/proto/education_grpc.pb.go:1077.32,1079.3 1 0
GoEdu/GoEdu/proto/education_grpc.pb.go:1080.2,1080.24 1 0
GoEdu/GoEdu/proto/education_grpc.pb.go:1080.24,1082.3 1 0
GoEdu/GoEdu/proto/education_grpc.pb.go:1083.2,1087.77 2 0
GoEdu/GoEdu/proto/education_grpc.pb.go:1087.77,1089.3 1 0
GoEdu/GoEdu/proto/education_grpc.pb.go:1090.2,1090.44 1 0
GoEdu/GoEdu/proto/education_grpc.pb.go:1093.177,1095.32 2 0
GoEdu/GoEdu/proto/education_grpc.pb.go:1095.32,1097.3 1 0
GoEdu/GoEdu/proto/education_grpc.pb.go:1098.2,1098.24 1 0
GoEdu/GoEdu/proto/education_grpc.pb.go:1098.24,1100.3 1 0
GoEdu/GoEdu/proto/education_grpc.pb.go:1101.2,1105.77 2 0
GoEdu/GoEdu/proto/education_grpc.pb.go:1105.77,1107.3 1 0
GoEdu/GoEdu/proto/education_grpc.pb.go:1108.2,1108.44 1 0
GoEdu/GoEdu/proto/education_grpc.pb.go:1111.181,1113.32 2 0
GoEdu/GoEdu/proto/education_grpc.pb.go:1113.32,1115.3 1 0
GoEdu/GoEdu/proto/education_grpc.pb.go:1116.2,1116.24 1 0
GoEdu/GoEdu/proto/education_grpc.pb.go:1116.24,1118.3 1 0
GoEdu/GoEdu/proto/education_grpc.pb.go:1119.2,1123.77 2 0
GoEdu/GoEdu/proto/education_grpc.pb.go:1123.77,1125.3 1 0
GoEdu/GoEdu/proto/education_grpc.pb.go:1126.2,1126.44 1 0
GoEdu/GoEdu/proto/education_grpc.pb.go:1194.86,1196.2 1 0
GoEdu/GoEdu/proto/education_grpc.pb.go:1198.152,1202.16 4 0
GoEdu/GoEdu/proto/education_grpc.pb.go:1202.16,1204.3 1 0
GoEdu/GoEdu/proto/education_grpc.pb.go:1205.2,1205.17 1 0
GoEdu/GoEdu/proto/education_grpc.pb.go:1208.150,1212.16 4 0
GoEdu/GoEdu/proto/education_grpc.pb.go:1212.16,1214.3 1 0
GoEdu/GoEdu/proto/education_grpc.pb.go:1215.2,1215.17 1 0
GoEdu/GoEdu/proto/education_grpc.pb.go:1238.130,1240.2 1 0
GoEdu/GoEdu/proto/education_grpc.pb.go:1241.128,1243.2 1 0
GoEdu/GoEdu/proto/education_grpc.pb.go:1244.94,1244.95 0 0
GoEdu/GoEdu/proto/education_grpc.pb.go:1245.94,1245.95 0 0
GoEdu/GoEdu/proto/education_grpc.pb.go:1254.92,1259.59 1 0
GoEdu/GoEdu/proto/education_grpc.pb.go:1259.59,1261.3 1 0
GoEdu/GoEdu/proto/education_grpc.pb.go:1262.2,1262.56 1 0
GoEdu/GoEdu/proto/education_grpc.pb.go:1265.181,1267.32 2 0
GoEdu/GoEdu/proto/education_grpc.pb.go:1267.32,1269.3 1 0
GoEdu/GoEdu/proto/education_grpc.pb.go:1270.2,1270.24 1 0
GoEdu/GoEdu/proto/education_grpc.pb.go:1270.24,1272.3 1 0
GoEdu/GoEdu/proto/education_grpc.pb.go:1273.2,1277.77 2 0
GoEdu/GoEdu/proto/education_grpc.pb.go:1277.77,1279.3 1 0
GoEdu/GoEdu/proto/education_grpc.pb.go:1280.2,1280.44 1 0
GoEdu/GoEdu/proto/education_grpc.pb.go:1283.185,1285.32 2 0
GoEdu/GoEdu/proto/education_grpc.pb.go:1285.32,1287.3 1 0
GoEdu/GoEdu/proto/education_grpc.pb.go:1288.2,1288.24 1 0
GoEdu/GoEdu/proto/education_grpc.pb.go:1288.24,1290.3 1 0
GoEdu/GoEdu/proto/education_grpc.pb.go:1291.2,1295.77 2 0
GoEdu/GoEdu/proto/education_grpc.pb.go:1295.77,1297.3 1 0
GoEdu/GoEdu/proto/education_grpc.pb.go:1298.2,1298.44 1 0
GoEdu/GoEdu/proto/education_grpc.pb.go:1342.78,1344.2 1 0
GoEdu/GoEdu/proto/education_grpc.pb.go:1346.130,1350.16 4 0
GoEdu/GoEdu/proto/education_grpc.pb.go:1350.16,1352.3 1 0
GoEdu/GoEdu/proto/education_grpc.pb.go:1353.2,1353.17 1 0
GoEdu/GoEdu/proto/education_grpc.pb.go:1356.138,1360.16 4 0
GoEdu/GoEdu/proto/education_grpc.pb.go:1360.16,1362.3 1 0
GoEdu/GoEdu/proto/education_grpc.pb.go:1363.2,1363.17 1 0
GoEdu/GoEdu/proto/education_grpc.pb.go:1386.108,1388.2 1 0
GoEdu/GoEdu/proto/education_grpc.pb.go:1389.116,1391.2 1 0
GoEdu/GoEdu/proto/education_grpc.pb.go:1392.86,1392.87 0 0
GoEdu/GoEdu/proto/education_grpc.pb.go:1393.86,1393.87 0 0
GoEdu/GoEdu/proto/education_grpc.pb.go:1402.84,1407.59 1 0
GoEdu/GoEdu/proto/education_grpc.pb.go:1407.59,1409.3 1 0
GoEdu/GoEdu/proto/education_grpc.pb.go:1410.2,1410.52 1 0
GoEdu/GoEdu/proto/education_grpc.pb.go:1413.176,1415.32 2 0
GoEdu/GoEdu/proto/education_grpc.pb.go:1415.32,1417.3 1 0
GoEdu/GoEdu/proto/education_grpc.pb.go:1418.2,1418.24 1 0
GoEdu/GoEdu/proto/education_grpc.pb.go:1418.24,1420.3 1 0
GoEdu/GoEdu/proto/education_grpc.pb.go:1421.2,1425.77 2 0
GoEdu/GoEdu/proto/education_grpc.pb.go:1425.77,1427.3 1 0
GoEdu/GoEdu/proto/education_grpc.pb.go:1428.2,1428.44 1 0
GoEdu/GoEdu/proto/education_grpc.pb.go:1431.177,1433.32 2 0
GoEdu/GoEdu/proto/education_grpc.pb.go:1433.32,1435.3 1 0
GoEdu/GoEdu/proto/education_grpc.pb.go:1436.2,1436.24 1 0
GoEdu/GoEdu/proto/education_grpc.pb.go:1436.24,1438.3 1 0
GoEdu/GoEdu/proto/education_grpc.pb.go:1439.2,1443.77 2 0
GoEdu/GoEdu/proto/education_grpc.pb.go:1443.77,1445.3 1 0
GoEdu/GoEdu/proto/education_grpc.pb.go:1446.2,1446.44 1 0
GoEdu/GoEdu/proto/education_grpc.pb.go:1487.78,1489.2 1 0
GoEdu/GoEdu/proto/education_grpc.pb.go:1491.124,1495.16 4 0
GoEdu/GoEdu/proto/education_grpc.pb.go:1495.16,1497.3 1 0
GoEdu/GoEdu/proto/education_grpc.pb.go:1498.2,1498.17 1 0
GoEdu/GoEdu/proto/education_grpc.pb.go:1519.102,1521.2 1 0
GoEdu/GoEdu/proto/education_grpc.pb.go:1522.86,1522.87 0 0
GoEdu/GoEdu/proto/education_grpc.pb.go:1523.86,1523.87 0 0
GoEdu/GoEdu/proto/education_grpc.pb.go:1532.84,1537.59 1 0
GoEdu/GoEdu/proto/education_grpc.pb.go:1537.59,1539.3 1 0
GoEdu/GoEdu/proto/education_grpc.pb.go:1540.2,1540.52 1 0
GoEdu/GoEdu/proto/education_grpc.pb.go:1543.164,1545.32 2 0
GoEdu/GoEdu/proto/education_grpc.pb.go:1545.32,1547.3 1 0
GoEdu/GoEdu/proto/education_grpc.pb.go:1548.2,1548.24 1 0
GoEdu/GoEdu/proto/education_grpc.pb.go:1548.24,1550.3 1 0
GoEdu/GoEdu/proto/education_grpc.pb.go:1551.2,1555.77 2 0
GoEdu/GoEdu/proto/education_grpc.pb.go:1555.77,1557.3 1 0
GoEdu/GoEdu/proto/education_grpc.pb.go:1558.2,1558.44 1 0
GoEdu/internal/logger/logger.go:12.39,15.57 2 0
GoEdu/internal/logger/logger.go:15.57,17.3 1 0
GoEdu/internal/logger/logger.go:19.2,20.16 2 0
GoEdu/internal/logger/logger.go:20.16,22.3 1 0
GoEdu/internal/logger/logger.go:24.2,41.44 4 0
GoEdu/cmd/server/main.go:16.13,18.16 2 0
GoEdu/cmd/server/main.go:18.16,19.93 1 0
GoEdu/cmd/server/main.go:21.2,32.16 8 0
GoEdu/cmd/server/main.go:32.16,34.3 1 0
GoEdu/cmd/server/main.go:35.2,67.16 23 0
GoEdu/cmd/server/main.go:67.16,69.3 1 0
GoEdu/cmd/server/main.go:71.2,72.51 2 0
GoEdu/cmd/server/main.go:72.51,74.3 1 0
GoEdu/internal/config/config.go:25.51,26.40 1 0
GoEdu/internal/config/config.go:26.40,28.3 1 0
GoEdu/internal/config/config.go:30.2,31.16 2 0
GoEdu/internal/config/config.go:31.16,33.3 1 0
GoEdu/internal/config/config.go:35.2,45.20 3 0
GoEdu/internal/config/config.go:49.46,50.48 1 0
GoEdu/internal/config/config.go:50.48,52.3 1 0
GoEdu/internal/config/config.go:53.2,53.21 1 0
GoEdu/internal/config/config.go:57.45,59.16 2 0
GoEdu/internal/config/config.go:59.16,61.3 1 0
GoEdu/internal/config/config.go:62.2,62.12 1 0
GoEdu/internal/middleware/auth_middleware.go:16.91,46.128 3 0
GoEdu/internal/middleware/auth_middleware.go:46.128,49.33 2 0
GoEdu/internal/middleware/auth_middleware.go:49.33,52.4 2 0
GoEdu/internal/middleware/auth_middleware.go:54.3,55.10 2 0
GoEdu/internal/middleware/auth_middleware.go:55.10,58.4 2 0
GoEdu/internal/middleware/auth_middleware.go:60.3,61.27 2 0
GoEdu/internal/middleware/auth_middleware.go:61.27,64.4 2 0
GoEdu/internal/middleware/auth_middleware.go:66.3,67.84 2 0
GoEdu/internal/middleware/auth_middleware.go:67.84,68.59 1 0
GoEdu/internal/middleware/auth_middleware.go:68.59,71.5 2 0
GoEdu/internal/middleware/auth_middleware.go:72.4,72.28 1 0
GoEdu/internal/middleware/auth_middleware.go:75.3,75.33 1 0
GoEdu/internal/middleware/auth_middleware.go:75.33,78.4 2 0
GoEdu/internal/middleware/auth_middleware.go:80.3,81.10 2 0
GoEdu/internal/middleware/auth_middleware.go:81.10,84.4 2 0
GoEdu/internal/middleware/auth_middleware.go:86.3,87.10 2 0
GoEdu/internal/middleware/auth_middleware.go:87.10,90.4 2 0
GoEdu/internal/middleware/auth_middleware.go:92.3,92.76 1 0
GoEdu/internal/middleware/auth_middleware.go:92.76,93.32 1 0
GoEdu/internal/middleware/auth_middleware.go:93.32,96.5 2 0
GoEdu/internal/middleware/auth_middleware.go:99.3,100.27 2 0
GoEdu/internal/middleware/auth_middleware.go:104.137,116.16 5 0
GoEdu/internal/middleware/auth_middleware.go:116.16,119.3 2 0
GoEdu/internal/middleware/auth_middleware.go:121.2,122.25 2 0
GoEdu/internal/repository/course_repository.go:27.61,29.2 1 0
GoEdu/internal/repository/course_repository.go:31.109,40.16 4 0
GoEdu/internal/repository/course_repository.go:40.16,42.29 2 0
GoEdu/internal/repository/course_repository.go:42.29,43.22 1 0
GoEdu/internal/repository/course_repository.go:44.17,45.111 1 0
GoEdu/internal/repository/course_repository.go:46.17,47.98 1 0
GoEdu/internal/repository/course_repository.go:50.3,50.16 1 0
GoEdu/internal/repository/course_repository.go:53.2,53.16 1 0
GoEdu/internal/repository/course_repository.go:56.89,60.16 3 0
GoEdu/internal/repository/course_repository.go:60.16,62.3 1 0
GoEdu/internal/repository/course_repository.go:63.2,66.18 3 0
GoEdu/internal/repository/course_repository.go:66.18,68.104 2 0
GoEdu/internal/repository/course_repository.go:68.104,70.4 1 0
GoEdu/internal/repository/course_repository.go:71.3,71.37 1 0
GoEdu/internal/repository/course_repository.go:74.2,76.21 2 0
GoEdu/internal/repository/course_repository.go:79.97,84.16 4 0
GoEdu/internal/repository/course_repository.go:84.16,85.36 1 0
GoEdu/internal/repository/course_repository.go:85.36,87.4 1 0
GoEdu/internal/repository/course_repository.go:88.3,88.18 1 0
GoEdu/internal/repository/course_repository.go:91.2,91.21 1 0
GoEdu/internal/repository/course_repository.go:94.133,99.16 4 0
GoEdu/internal/repository/course_repository.go:99.16,101.3 1 0
GoEdu/internal/repository/course_repository.go:101.8,101.33 1 0
GoEdu/internal/repository/course_repository.go:101.33,103.3 1 0
GoEdu/internal/repository/course_repository.go:105.2,118.16 4 0
GoEdu/internal/repository/course_repository.go:118.16,120.3 1 0
GoEdu/internal/repository/course_repository.go:122.2,122.21 1 0
GoEdu/internal/repository/course_repository.go:125.86,126.13 1 0
GoEdu/internal/repository/course_repository.go:126.13,128.3 1 0
GoEdu/internal/repository/course_repository.go:130.2,131.16 2 0
GoEdu/internal/repository/course_repository.go:131.16,133.3 1 0
GoEdu/internal/repository/course_repository.go:134.2,138.16 4 0
GoEdu/internal/repository/course_repository.go:138.16,140.3 1 0
GoEdu/internal/repository/course_repository.go:142.2,142.36 1 0
GoEdu/internal/repository/course_repository.go:142.36,144.3 1 0
GoEdu/internal/repository/course_repository.go:146.2,146.39 1 0
GoEdu/internal/repository/course_repository.go:146.39,148.3 1 0
GoEdu/internal/repository/course_repository.go:150.2,150.18 1 0
GoEdu/internal/repository/course_repository.go:153.105,161.16 3 0
GoEdu/internal/repository/course_repository.go:161.16,163.3 1 0
GoEdu/internal/repository/course_repository.go:164.2,167.18 3 0
GoEdu/internal/repository/course_repository.go:167.18,169.104 2 0
GoEdu/internal/repository/course_repository.go:169.104,171.4 1 0
GoEdu/internal/repository/course_repository.go:172.3,172.37 1 0
GoEdu/internal/repository/course_repository.go:175.2,175.21 1 0
GoEdu/internal/repository/database.go:15.51,20.16 4 0
GoEdu/internal/repository/database.go:20.16,23.3 2 0
GoEdu/internal/repository/database.go:25.2,26.20 2 0
GoEdu/internal/repository/enrollments_repository.go:21.69,23.2 1 0
GoEdu/internal/repository/enrollments_repository.go:25.100,34.2 3 0
GoEdu/internal/repository/enrollments_repository.go:36.116,45.16 3 0
GoEdu/internal/repository/enrollments_repository.go:45.16,47.3 1 0
GoEdu/internal/repository/enrollments_repository.go:48.2,51.18 3 0
GoEdu/internal/repository/enrollments_repository.go:51.18,53.79 2 0
GoEdu/internal/repository/enrollments_repository.go:53.79,55.4 1 0
GoEdu/internal/repository/enrollments_repository.go:56.3,56.40 1 0
GoEdu/internal/repository/enrollments_repository.go:58.2,58.22 1 0
GoEdu/internal/repository/enrollments_repository.go:61.102,68.2 3 0
GoEdu/internal/repository/enrollments_repository.go:70.116,79.16 3 0
GoEdu/internal/repository/enrollments_repository.go:79.16,81.3 1 0
GoEdu/internal/repository/enrollments_repository.go:82.2,85.18 3 0
GoEdu/internal/repository/enrollments_repository.go:85.18,87.82 2 0
GoEdu/internal/repository/enrollments_repository.go:87.82,89.4 1 0
GoEdu/internal/repository/enrollments_repository.go:90.3,90.37 1 0
GoEdu/internal/repository/enrollments_repository.go:92.2,92.21 1 0
GoEdu/internal/repository/instructor_repository.go:22.69,24.2 1 0
GoEdu/internal/repository/instructor_repository.go:26.118,36.2 4 0
GoEdu/internal/repository/instructor_repository.go:38.116,43.16 4 0
GoEdu/internal/repository/instructor_repository.go:43.16,44.36 1 0
GoEdu/internal/repository/instructor_repository.go:44.36,46.4 1 0
GoEdu/internal/repository/instructor_repository.go:47.3,47.18 1 0
GoEdu/internal/repository/instructor_repository.go:49.2,49.25 1 0
GoEdu/internal/repository/instructor_repository.go:52.122,60.16 3 0
GoEdu/internal/repository/instructor_repository.go:60.16,62.3 1 0
GoEdu/internal/repository/instructor_repository.go:63.2,66.18 3 0
GoEdu/internal/repository/instructor_repository.go:66.18,68.104 2 0
GoEdu/internal/repository/instructor_repository.go:68.104,70.4 1 0
GoEdu/internal/repository/instructor_repository.go:71.3,71.37 1 0
GoEdu/internal/repository/instructor_repository.go:74.2,74.21 1 0
GoEdu/internal/repository/lecture_repositry.go:28.63,30.2 1 0
GoEdu/internal/repository/lecture_repositry.go:32.119,42.16 4 0
GoEdu/internal/repository/lecture_repositry.go:42.16,44.3 1 0
GoEdu/internal/repository/lecture_repositry.go:46.2,46.25 1 0
GoEdu/internal/repository/lecture_repositry.go:49.113,57.16 3 0
GoEdu/internal/repository/lecture_repositry.go:57.16,59.3 1 0
GoEdu/internal/repository/lecture_repositry.go:60.2,63.18 3 0
GoEdu/internal/repository/lecture_repositry.go:63.18,65.101 2 0
GoEdu/internal/repository/lecture_repositry.go:65.101,67.4 1 0
GoEdu/internal/repository/lecture_repositry.go:68.3,68.40 1 0
GoEdu/internal/repository/lecture_repositry.go:70.2,70.22 1 0
GoEdu/internal/repository/lecture_repositry.go:73.110,84.16 4 0
GoEdu/internal/repository/lecture_repositry.go:84.16,85.36 1 0
GoEdu/internal/repository/lecture_repositry.go:85.36,87.4 1 0
GoEdu/internal/repository/lecture_repositry.go:88.3,88.18 1 0
GoEdu/internal/repository/lecture_repositry.go:90.2,90.22 1 0
GoEdu/internal/repository/lecture_repositry.go:93.114,105.16 4 0
GoEdu/internal/repository/lecture_repositry.go:105.16,107.3 1 0
GoEdu/internal/repository/lecture_repositry.go:109.2,109.29 1 0
GoEdu/internal/repository/lecture_repositry.go:112.87,119.16 3 0
GoEdu/internal/repository/lecture_repositry.go:119.16,121.3 1 0
GoEdu/internal/repository/lecture_repositry.go:123.2,123.36 1 0
GoEdu/internal/repository/lecture_repositry.go:123.36,125.3 1 0
GoEdu/internal/repository/lecture_repositry.go:127.2,127.12 1 0
GoEdu/internal/repository/lecture_repositry.go:130.107,133.27 3 0
GoEdu/internal/repository/lecture_repositry.go:133.27,135.3 1 0
GoEdu/internal/repository/lecture_repositry.go:137.2,138.27 2 0
GoEdu/internal/repository/lecture_repositry.go:138.27,140.3 1 0
GoEdu/internal/repository/lecture_repositry.go:142.2,148.12 3 0
GoEdu/internal/repository/lecture_repositry.go:151.110,158.16 4 0
GoEdu/internal/repository/lecture_repositry.go:158.16,160.3 1 0
GoEdu/internal/repository/lecture_repositry.go:162.2,162.24 1 0
GoEdu/internal/repository/lecture_repositry.go:162.24,164.3 1 0
GoEdu/internal/repository/lecture_repositry.go:166.2,172.16 2 0
GoEdu/internal/repository/lecture_repositry.go:172.16,174.3 1 0
GoEdu/internal/repository/lecture_repositry.go:176.2,177.29 2 0
GoEdu/internal/repository/lecture_repositry.go:180.115,191.16 3 0
GoEdu/internal/repository/lecture_repositry.go:191.16,193.3 1 0
GoEdu/internal/repository/lecture_repositry.go:194.2,197.18 3 0
GoEdu/internal/repository/lecture_repositry.go:197.18,199.104 2 0
GoEdu/internal/repository/lecture_repositry.go:199.104,201.4 1 0
GoEdu/internal/repository/lecture_repositry.go:202.3,202.37 1 0
GoEdu/internal/repository/lecture_repositry.go:204.2,204.21 1 0
GoEdu/internal/repository/review_repository.go:19.61,21.2 1 0
GoEdu/internal/repository/review_repository.go:23.122,30.2 3 0
GoEdu/internal/repository/review_repository.go:32.110,40.16 3 0
GoEdu/internal/repository/review_repository.go:40.16,42.3 1 0
GoEdu/internal/repository/review_repository.go:43.2,46.18 3 0
GoEdu/internal/repository/review_repository.go:46.18,48.136 2 0
GoEdu/internal/repository/review_repository.go:48.136,50.4 1 0
GoEdu/internal/repository/review_repository.go:51.3,51.37 1 0
GoEdu/internal/repository/review_repository.go:54.2,54.21 1 0
GoEdu/internal/repository/student_repository.go:22.63,24.2 1 0
GoEdu/internal/repository/student_repository.go:26.106,34.16 4 0
GoEdu/internal/repository/student_repository.go:34.16,36.3 1 0
GoEdu/internal/repository/student_repository.go:37.2,37.16 1 0
GoEdu/internal/repository/student_repository.go:40.107,45.16 4 0
GoEdu/internal/repository/student_repository.go:45.16,47.3 1 0
GoEdu/internal/repository/student_repository.go:49.2,49.22 1 0
GoEdu/internal/repository/student_repository.go:52.100,57.16 4 0
GoEdu/internal/repository/student_repository.go:57.16,58.36 1 0
GoEdu/internal/repository/student_repository.go:58.36,60.4 1 0
GoEdu/internal/repository/student_repository.go:61.3,61.18 1 0
GoEdu/internal/repository/student_repository.go:64.2,64.22 1 0
GoEdu/internal/repository/student_repository.go:67.114,78.16 4 0
GoEdu/internal/repository/student_repository.go:78.16,80.3 1 0
GoEdu/internal/repository/student_repository.go:82.2,82.29 1 0
GoEdu/proto/education.pb.go:29.25,34.2 4 0
GoEdu/proto/education.pb.go:36.33,38.2 1 0
GoEdu/proto/education.pb.go:40.31,40.32 0 0
GoEdu/proto/education.pb.go:42.53,44.14 2 0
GoEdu/proto/education.pb.go:44.14,46.34 2 0
GoEdu/proto/education.pb.go:46.34,48.4 1 0
GoEdu/proto/education.pb.go:49.3,49.12 1 0
GoEdu/proto/education.pb.go:51.2,51.24 1 0
GoEdu/proto/education.pb.go:55.44,57.2 1 0
GoEdu/proto/education.pb.go:69.26,74.2 4 0
GoEdu/proto/education.pb.go:76.34,78.2 1 0
GoEdu/proto/education.pb.go:80.32,80.33 0 0
GoEdu/proto/education.pb.go:82.54,84.14 2 0
GoEdu/proto/education.pb.go:84.14,86.34 2 0
GoEdu/proto/education.pb.go:86.34,88.4 1 0
GoEdu/proto/education.pb.go:89.3,89.12 1 0
GoEdu/proto/education.pb.go:91.2,91.24 1 0
GoEdu/proto/education.pb.go:95.45,97.2 1 0
GoEdu/proto/education.pb.go:99.32,100.14 1 0
GoEdu/proto/education.pb.go:100.14,102.3 1 0
GoEdu/proto/education.pb.go:103.2,103.10 1 0
GoEdu/proto/education.pb.go:106.35,107.14 1 0
GoEdu/proto/education.pb.go:107.14,109.3 1 0
GoEdu/proto/education.pb.go:110.2,110.11 1 0
GoEdu/proto/education.pb.go:113.42,114.14 1 0
GoEdu/proto/education.pb.go:114.14,116.3 1 0
GoEdu/proto/education.pb.go:117.2,117.11 1 0
GoEdu/proto/education.pb.go:120.42,121.14 1 0
GoEdu/proto/education.pb.go:121.14,123.3 1 0
GoEdu/proto/education.pb.go:124.2,124.10 1 0
GoEdu/proto/education.pb.go:134.30,139.2 4 0
GoEdu/proto/education.pb.go:141.38,143.2 1 0
GoEdu/proto/education.pb.go:145.36,145.37 0 0
GoEdu/proto/education.pb.go:147.58,149.14 2 0
GoEdu/proto/education.pb.go:149.14,151.34 2 0
GoEdu/proto/education.pb.go:151.34,153.4 1 0
GoEdu/proto/education.pb.go:154.3,154.12 1 0
GoEdu/proto/education.pb.go:156.2,156.24 1 0
GoEdu/proto/education.pb.go:160.49,162.2 1 0
GoEdu/proto/education.pb.go:164.45,165.14 1 0
GoEdu/proto/education.pb.go:165.14,167.3 1 0
GoEdu/proto/education.pb.go:168.2,168.12 1 0
GoEdu/proto/education.pb.go:178.35,183.2 4 0
GoEdu/proto/education.pb.go:185.43,187.2 1 0
GoEdu/proto/education.pb.go:189.41,189.42 0 0
GoEdu/proto/education.pb.go:191.63,193.14 2 0
GoEdu/proto/education.pb.go:193.14,195.34 2 0
GoEdu/proto/education.pb.go:195.34,197.4 1 0
GoEdu/proto/education.pb.go:198.3,198.12 1 0
GoEdu/proto/education.pb.go:200.2,200.24 1 0
GoEdu/proto/education.pb.go:204.54,206.2 1 0
GoEdu/proto/education.pb.go:208.47,209.14 1 0
GoEdu/proto/education.pb.go:209.14,211.3 1 0
GoEdu/proto/education.pb.go:212.2,212.10 1 0
GoEdu/proto/education.pb.go:224.36,229.2 4 0
GoEdu/proto/education.pb.go:231.44,233.2 1 0
GoEdu/proto/education.pb.go:235.42,235.43 0 0
GoEdu/proto/education.pb.go:237.64,239.14 2 0
GoEdu/proto/education.pb.go:239.14,241.34 2 0
GoEdu/proto/education.pb.go:241.34,243.4 1 0
GoEdu/proto/education.pb.go:244.3,244.12 1 0
GoEdu/proto/education.pb.go:246.2,246.24 1 0
GoEdu/proto/education.pb.go:250.55,252.2 1 0
GoEdu/proto/education.pb.go:254.45,255.14 1 0
GoEdu/proto/education.pb.go:255.14,257.3 1 0
GoEdu/proto/education.pb.go:258.2,258.11 1 0
GoEdu/proto/education.pb.go:261.52,262.14 1 0
GoEdu/proto/education.pb.go:262.14,264.3 1 0
GoEdu/proto/education.pb.go:265.2,265.11 1 0
GoEdu/proto/education.pb.go:268.52,269.14 1 0
GoEdu/proto/education.pb.go:269.14,271.3 1 0
GoEdu/proto/education.pb.go:272.2,272.10 1 0
GoEdu/proto/education.pb.go:284.39,289.2 4 0
GoEdu/proto/education.pb.go:291.47,293.2 1 0
GoEdu/proto/education.pb.go:295.45,295.46 0 0
GoEdu/proto/education.pb.go:297.67,299.14 2 0
GoEdu/proto/education.pb.go:299.14,301.34 2 0
GoEdu/proto/education.pb.go:301.34,303.4 1 0
GoEdu/proto/education.pb.go:304.3,304.12 1 0
GoEdu/proto/education.pb.go:306.2,306.24 1 0
GoEdu/proto/education.pb.go:310.58,312.2 1 0
GoEdu/proto/education.pb.go:314.45,315.14 1 0
GoEdu/proto/education.pb.go:315.14,317.3 1 0
GoEdu/proto/education.pb.go:318.2,318.10 1 0
GoEdu/proto/education.pb.go:321.48,322.14 1 0
GoEdu/proto/education.pb.go:322.14,324.3 1 0
GoEdu/proto/education.pb.go:325.2,325.11 1 0
GoEdu/proto/education.pb.go:328.55,329.14 1 0
GoEdu/proto/education.pb.go:329.14,331.3 1 0
GoEdu/proto/education.pb.go:332.2,332.11 1 0
GoEdu/proto/education.pb.go:344.42,349.2 4 0
GoEdu/proto/education.pb.go:351.50,353.2 1 0
GoEdu/proto/education.pb.go:355.48,355.49 0 0
GoEdu/proto/education.pb.go:357.70,359.14 2 0
GoEdu/proto/education.pb.go:359.14,361.34 2 0
GoEdu/proto/education.pb.go:361.34,363.4 1 0
GoEdu/proto/education.pb.go:364.3,364.12 1 0
GoEdu/proto/education.pb.go:366.2,366.24 1 0
GoEdu/proto/education.pb.go:370.61,372.2 1 0
GoEdu/proto/education.pb.go:374.51,375.14 1 0
GoEdu/proto/education.pb.go:375.14,377.3 1 0
GoEdu/proto/education.pb.go:378.2,378.11 1 0
GoEdu/proto/education.pb.go:381.52,382.14 1 0
GoEdu/proto/education.pb.go:382.14,384.3 1 0
GoEdu/proto/education.pb.go:385.2,385.11 1 0
GoEdu/proto/education.pb.go:388.55,389.14 1 0
GoEdu/proto/education.pb.go:389.14,391.3 1 0
GoEdu/proto/education.pb.go:392.2,392.11 1 0
GoEdu/proto/education.pb.go:405.27,410.2 4 0
GoEdu/proto/education.pb.go:412.35,414.2 1 0
GoEdu/proto/education.pb.go:416.33,416.34 0 0
GoEdu/proto/education.pb.go:418.55,420.14 2 0
GoEdu/proto/education.pb.go:420.14,422.34 2 0
GoEdu/proto/education.pb.go:422.34,424.4 1 0
GoEdu/proto/education.pb.go:425.3,425.12 1 0
GoEdu/proto/education.pb.go:427.2,427.24 1 0
GoEdu/proto/education.pb.go:431.46,433.2 1 0
GoEdu/proto/education.pb.go:435.33,436.14 1 0
GoEdu/proto/education.pb.go:436.14,438.3 1 0
GoEdu/proto/education.pb.go:439.2,439.10 1 0
GoEdu/proto/education.pb.go:442.36,443.14 1 0
GoEdu/proto/education.pb.go:443.14,445.3 1 0
GoEdu/proto/education.pb.go:446.2,446.11 1 0
GoEdu/proto/education.pb.go:449.37,450.14 1 0
GoEdu/proto/education.pb.go:450.14,452.3 1 0
GoEdu/proto/education.pb.go:453.2,453.11 1 0
GoEdu/proto/education.pb.go:456.37,457.14 1 0
GoEdu/proto/education.pb.go:457.14,459.3 1 0
GoEdu/proto/education.pb.go:460.2,460.11 1 0
GoEdu/proto/education.pb.go:471.32,476.2 4 0
GoEdu/proto/education.pb.go:478.40,480.2 1 0
GoEdu/proto/education.pb.go:482.38,482.39 0 0
GoEdu/proto/education.pb.go:484.60,486.14 2 0
GoEdu/proto/education.pb.go:486.14,488.34 2 0
GoEdu/proto/education.pb.go:488.34,490.4 1 0
GoEdu/proto/education.pb.go:491.3,491.12 1 0
GoEdu/proto/education.pb.go:493.2,493.24 1 0
GoEdu/proto/education.pb.go:497.51,499.2 1 0
GoEdu/proto/education.pb.go:501.42,502.14 1 0
GoEdu/proto/education.pb.go:502.14,504.3 1 0
GoEdu/proto/education.pb.go:505.2,505.11 1 0
GoEdu/proto/education.pb.go:508.45,509.14 1 0
GoEdu/proto/education.pb.go:509.14,511.3 1 0
GoEdu/proto/education.pb.go:512.2,512.11 1 0
GoEdu/proto/education.pb.go:525.32,530.2 4 0
GoEdu/proto/education.pb.go:532.40,534.2 1 0
GoEdu/proto/education.pb.go:536.38,536.39 0 0
GoEdu/proto/education.pb.go:538.60,540.14 2 0
GoEdu/proto/education.pb.go:540.14,542.34 2 0
GoEdu/proto/education.pb.go:542.34,544.4 1 0
GoEdu/proto/education.pb.go:545.3,545.12 1 0
GoEdu/proto/education.pb.go:547.2,547.24 1 0
GoEdu/proto/education.pb.go:551.51,553.2 1 0
GoEdu/proto/education.pb.go:555.38,556.14 1 0
GoEdu/proto/education.pb.go:556.14,558.3 1 0
GoEdu/proto/education.pb.go:559.2,559.10 1 0
GoEdu/proto/education.pb.go:562.41,563.14 1 0
GoEdu/proto/education.pb.go:563.14,565.3 1 0
GoEdu/proto/education.pb.go:566.2,566.11 1 0
GoEdu/proto/education.pb.go:569.42,570.14 1 0
GoEdu/proto/education.pb.go:570.14,572.3 1 0
GoEdu/proto/education.pb.go:573.2,573.11 1 0
GoEdu/proto/education.pb.go:576.42,577.14 1 0
GoEdu/proto/education.pb.go:577.14,579.3 1 0
GoEdu/proto/education.pb.go:580.2,580.11 1 0
GoEdu/proto/education.pb.go:590.36,595.2 4 0
GoEdu/proto/education.pb.go:597.44,599.2 1 0
GoEdu/proto/education.pb.go:601.42,601.43 0 0
GoEdu/proto/education.pb.go:603.64,605.14 2 0
GoEdu/proto/education.pb.go:605.14,607.34 2 0
GoEdu/proto/education.pb.go:607.34,609.4 1 0
GoEdu/proto/education.pb.go:610.3,610.12 1 0
GoEdu/proto/education.pb.go:612.2,612.24 1 0
GoEdu/proto/education.pb.go:616.55,618.2 1 0
GoEdu/proto/education.pb.go:620.42,621.14 1 0
GoEdu/proto/education.pb.go:621.14,623.3 1 0
GoEdu/proto/education.pb.go:624.2,624.10 1 0
GoEdu/proto/education.pb.go:637.40,642.2 4 0
GoEdu/proto/education.pb.go:644.48,646.2 1 0
GoEdu/proto/education.pb.go:648.46,648.47 0 0
GoEdu/proto/education.pb.go:650.68,652.14 2 0
GoEdu/proto/education.pb.go:652.14,654.34 2 0
GoEdu/proto/education.pb.go:654.34,656.4 1 0
GoEdu/proto/education.pb.go:657.3,657.12 1 0
GoEdu/proto/education.pb.go:659.2,659.24 1 0
GoEdu/proto/education.pb.go:663.59,665.2 1 0
GoEdu/proto/education.pb.go:667.46,668.14 1 0
GoEdu/proto/education.pb.go:668.14,670.3 1 0
GoEdu/proto/education.pb.go:671.2,671.10 1 0
GoEdu/proto/education.pb.go:674.49,675.14 1 0
GoEdu/proto/education.pb.go:675.14,677.3 1 0
GoEdu/proto/education.pb.go:678.2,678.11 1 0
GoEdu/proto/education.pb.go:681.50,682.14 1 0
GoEdu/proto/education.pb.go:682.14,684.3 1 0
GoEdu/proto/education.pb.go:685.2,685.11 1 0
GoEdu/proto/education.pb.go:688.53,689.14 1 0
GoEdu/proto/education.pb.go:689.14,691.3 1 0
GoEdu/proto/education.pb.go:692.2,692.11 1 0
GoEdu/proto/education.pb.go:703.37,708.2 4 0
GoEdu/proto/education.pb.go:710.45,712.2 1 0
GoEdu/proto/education.pb.go:714.43,714.44 0 0
GoEdu/proto/education.pb.go:716.65,718.14 2 0
GoEdu/proto/education.pb.go:718.14,720.34 2 0
GoEdu/proto/education.pb.go:720.34,722.4 1 0
GoEdu/proto/education.pb.go:723.3,723.12 1 0
GoEdu/proto/education.pb.go:725.2,725.24 1 0
GoEdu/proto/education.pb.go:729.56,731.2 1 0
GoEdu/proto/education.pb.go:733.50,734.14 1 0
GoEdu/proto/education.pb.go:734.14,736.3 1 0
GoEdu/proto/education.pb.go:737.2,737.10 1 0
GoEdu/proto/education.pb.go:740.49,741.14 1 0
GoEdu/proto/education.pb.go:741.14,743.3 1 0
GoEdu/proto/education.pb.go:744.2,744.10 1 0
GoEdu/proto/education.pb.go:754.31,759.2 4 0
GoEdu/proto/education.pb.go:761.39,763.2 1 0
GoEdu/proto/education.pb.go:765.37,765.38 0 0
GoEdu/proto/education.pb.go:767.59,769.14 2 0
GoEdu/proto/education.pb.go:769.14,771.34 2 0
GoEdu/proto/education.pb.go:771.34,773.4 1 0
GoEdu/proto/education.pb.go:774.3,774.12 1 0
GoEdu/proto/education.pb.go:776.2,776.24 1 0
GoEdu/proto/education.pb.go:780.50,782.2 1 0
GoEdu/proto/education.pb.go:784.48,785.14 1 0
GoEdu/proto/education.pb.go:785.14,787.3 1 0
GoEdu/proto/education.pb.go:788.2,788.12 1 0
GoEdu/proto/education.pb.go:800.34,805.2 4 0
GoEdu/proto/education.pb.go:807.42,809.2 1 0
GoEdu/proto/education.pb.go:811.40,811.41 0 0
GoEdu/proto/education.pb.go:813.62,815.14 2 0
GoEdu/proto/education.pb.go:815.14,817.34 2 0
GoEdu/proto/education.pb.go:817.34,819.4 1 0
GoEdu/proto/education.pb.go:820.3,820.12 1 0
GoEdu/proto/education.pb.go:822.2,822.24 1 0
GoEdu/proto/education.pb.go:826.53,828.2 1 0
GoEdu/proto/education.pb.go:830.46,831.14 1 0
GoEdu/proto/education.pb.go:831.14,833.3 1 0
GoEdu/proto/education.pb.go:834.2,834.10 1 0
GoEdu/proto/education.pb.go:837.44,838.14 1 0
GoEdu/proto/education.pb.go:838.14,840.3 1 0
GoEdu/proto/education.pb.go:841.2,841.11 1 0
GoEdu/proto/education.pb.go:844.46,845.14 1 0
GoEdu/proto/education.pb.go:845.14,847.3 1 0
GoEdu/proto/education.pb.go:848.2,848.11 1 0
GoEdu/proto/education.pb.go:861.27,866.2 4 0
GoEdu/proto/education.pb.go:868.35,870.2 1 0
GoEdu/proto/education.pb.go:872.33,872.34 0 0
GoEdu/proto/education.pb.go:874.55,876.14 2 0
GoEdu/proto/education.pb.go:876.14,878.34 2 0
GoEdu/proto/education.pb.go:878.34,880.4 1 0
GoEdu/proto/education.pb.go:881.3,881.12 1 0
GoEdu/proto/education.pb.go:883.2,883.24 1 0
GoEdu/proto/education.pb.go:887.46,889.2 1 0
GoEdu/proto/education.pb.go:891.33,892.14 1 0
GoEdu/proto/education.pb.go:892.14,894.3 1 0
GoEdu/proto/education.pb.go:895.2,895.10 1 0
GoEdu/proto/education.pb.go:898.39,899.14 1 0
GoEdu/proto/education.pb.go:899.14,901.3 1 0
GoEdu/proto/education.pb.go:902.2,902.10 1 0
GoEdu/proto/education.pb.go:905.37,906.14 1 0
GoEdu/proto/education.pb.go:906.14,908.3 1 0
GoEdu/proto/education.pb.go:909.2,909.11 1 0
GoEdu/proto/education.pb.go:912.39,913.14 1 0
GoEdu/proto/education.pb.go:913.14,915.3 1 0
GoEdu/proto/education.pb.go:916.2,916.11 1 0
GoEdu/proto/education.pb.go:926.31,931.2 4 0
GoEdu/proto/education.pb.go:933.39,935.2 1 0
GoEdu/proto/education.pb.go:937.37,937.38 0 0
GoEdu/proto/education.pb.go:939.59,941.14 2 0
GoEdu/proto/education.pb.go:941.14,943.34 2 0
GoEdu/proto/education.pb.go:943.34,945.4 1 0
GoEdu/proto/education.pb.go:946.3,946.12 1 0
GoEdu/proto/education.pb.go:948.2,948.24 1 0
GoEdu/proto/education.pb.go:952.50,954.2 1 0
GoEdu/proto/education.pb.go:956.48,957.14 1 0
GoEdu/proto/education.pb.go:957.14,959.3 1 0
GoEdu/proto/education.pb.go:960.2,960.12 1 0
GoEdu/proto/education.pb.go:970.36,975.2 4 0
GoEdu/proto/education.pb.go:977.44,979.2 1 0
GoEdu/proto/education.pb.go:981.42,981.43 0 0
GoEdu/proto/education.pb.go:983.64,985.14 2 0
GoEdu/proto/education.pb.go:985.14,987.34 2 0
GoEdu/proto/education.pb.go:987.34,989.4 1 0
GoEdu/proto/education.pb.go:990.3,990.12 1 0
GoEdu/proto/education.pb.go:992.2,992.24 1 0
GoEdu/proto/education.pb.go:996.55,998.2 1 0
GoEdu/proto/education.pb.go:1000.49,1001.14 1 0
GoEdu/proto/education.pb.go:1001.14,1003.3 1 0
GoEdu/proto/education.pb.go:1004.2,1004.10 1 0
GoEdu/proto/education.pb.go:1017.34,1022.2 4 0
GoEdu/proto/education.pb.go:1024.42,1026.2 1 0
GoEdu/proto/education.pb.go:1028.40,1028.41 0 0
GoEdu/proto/education.pb.go:1030.62,1032.14 2 0
GoEdu/proto/education.pb.go:1032.14,1034.34 2 0
GoEdu/proto/education.pb.go:1034.34,1036.4 1 0
GoEdu/proto/education.pb.go:1037.3,1037.12 1 0
GoEdu/proto/education.pb.go:1039.2,1039.24 1 0
GoEdu/proto/education.pb.go:1043.53,1045.2 1 0
GoEdu/proto/education.pb.go:1047.40,1048.14 1 0
GoEdu/proto/education.pb.go:1048.14,1050.3 1 0
GoEdu/proto/education.pb.go:1051.2,1051.10 1 0
GoEdu/proto/education.pb.go:1054.46,1055.14 1 0
GoEdu/proto/education.pb.go:1055.14,1057.3 1 0
GoEdu/proto/education.pb.go:1058.2,1058.10 1 0
GoEdu/proto/education.pb.go:1061.44,1062.14 1 0
GoEdu/proto/education.pb.go:1062.14,1064.3 1 0
GoEdu/proto/education.pb.go:1065.2,1065.11 1 0
GoEdu/proto/education.pb.go:1068.46,1069.14 1 0
GoEdu/proto/education.pb.go:1069.14,1071.3 1 0
GoEdu/proto/education.pb.go:1072.2,1072.11 1 0
GoEdu/proto/education.pb.go:1084.40,1089.2 4 0
GoEdu/proto/education.pb.go:1091.48,1093.2 1 0
GoEdu/proto/education.pb.go:1095.46,1095.47 0 0
GoEdu/proto/education.pb.go:1097.68,1099.14 2 0
GoEdu/proto/education.pb.go:1099.14,1101.34 2 0
GoEdu/proto/education.pb.go:1101.34,1103.4 1 0
GoEdu/proto/education.pb.go:1104.3,1104.12 1 0
GoEdu/proto/education.pb.go:1106.2,1106.24 1 0
GoEdu/proto/education.pb.go:1110.59,1112.2 1 0
GoEdu/proto/education.pb.go:1114.46,1115.14 1 0
GoEdu/proto/education.pb.go:1115.14,1117.3 1 0
GoEdu/proto/education.pb.go:1118.2,1118.10 1 0
GoEdu/proto/education.pb.go:1121.50,1122.14 1 0
GoEdu/proto/education.pb.go:1122.14,1124.3 1 0
GoEdu/proto/education.pb.go:1125.2,1125.11 1 0
GoEdu/proto/education.pb.go:1128.52,1129.14 1 0
GoEdu/proto/education.pb.go:1129.14,1131.3 1 0
GoEdu/proto/education.pb.go:1132.2,1132.11 1 0
GoEdu/proto/education.pb.go:1143.44,1148.2 4 0
GoEdu/proto/education.pb.go:1150.52,1152.2 1 0
GoEdu/proto/education.pb.go:1154.50,1154.51 0 0
GoEdu/proto/education.pb.go:1156.72,1158.14 2 0
GoEdu/proto/education.pb.go:1158.14,1160.34 2 0
GoEdu/proto/education.pb.go:1160.34,1162.4 1 0
GoEdu/proto/education.pb.go:1163.3,1163.12 1 0
GoEdu/proto/education.pb.go:1165.2,1165.24 1 0
GoEdu/proto/education.pb.go:1169.63,1171.2 1 0
GoEdu/proto/education.pb.go:1173.57,1174.14 1 0
GoEdu/proto/education.pb.go:1174.14,1176.3 1 0
GoEdu/proto/education.pb.go:1177.2,1177.10 1 0
GoEdu/proto/education.pb.go:1180.57,1181.14 1 0
GoEdu/proto/education.pb.go:1181.14,1183.3 1 0
GoEdu/proto/education.pb.go:1184.2,1184.10 1 0
GoEdu/proto/education.pb.go:1195.41,1200.2 4 0
GoEdu/proto/education.pb.go:1202.49,1204.2 1 0
GoEdu/proto/education.pb.go:1206.47,1206.48 0 0
GoEdu/proto/education.pb.go:1208.69,1210.14 2 0
GoEdu/proto/education.pb.go:1210.14,1212.34 2 0
GoEdu/proto/education.pb.go:1212.34,1214.4 1 0
GoEdu/proto/education.pb.go:1215.3,1215.12 1 0
GoEdu/proto/education.pb.go:1217.2,1217.24 1 0
GoEdu/proto/education.pb.go:1221.60,1223.2 1 0
GoEdu/proto/education.pb.go:1225.54,1226.14 1 0
GoEdu/proto/education.pb.go:1226.14,1228.3 1 0
GoEdu/proto/education.pb.go:1229.2,1229.10 1 0
GoEdu/proto/education.pb.go:1232.53,1233.14 1 0
GoEdu/proto/education.pb.go:1233.14,1235.3 1 0
GoEdu/proto/education.pb.go:1236.2,1236.10 1 0
GoEdu/proto/education.pb.go:1248.34,1253.2 4 0
GoEdu/proto/education.pb.go:1255.42,1257.2 1 0
GoEdu/proto/education.pb.go:1259.40,1259.41 0 0
GoEdu/proto/education.pb.go:1261.62,1263.14 2 0
GoEdu/proto/education.pb.go:1263.14,1265.34 2 0
GoEdu/proto/education.pb.go:1265.34,1267.4 1 0
GoEdu/proto/education.pb.go:1268.3,1268.12 1 0
GoEdu/proto/education.pb.go:1270.2,1270.24 1 0
GoEdu/proto/education.pb.go:1274.53,1276.2 1 0
GoEdu/proto/education.pb.go:1278.46,1279.14 1 0
GoEdu/proto/education.pb.go:1279.14,1281.3 1 0
GoEdu/proto/education.pb.go:1282.2,1282.10 1 0
GoEdu/proto/education.pb.go:1285.47,1286.14 1 0
GoEdu/proto/education.pb.go:1286.14,1288.3 1 0
GoEdu/proto/education.pb.go:1289.2,1289.10 1 0
GoEdu/proto/education.pb.go:1292.54,1293.14 1 0
GoEdu/proto/education.pb.go:1293.14,1295.3 1 0
GoEdu/proto/education.pb.go:1296.2,1296.10 1 0
GoEdu/proto/education.pb.go:1308.45,1313.2 4 0
GoEdu/proto/education.pb.go:1315.53,1317.2 1 0
GoEdu/proto/education.pb.go:1319.51,1319.52 0 0
GoEdu/proto/education.pb.go:1321.73,1323.14 2 0
GoEdu/proto/education.pb.go:1323.14,1325.34 2 0
GoEdu/proto/education.pb.go:1325.34,1327.4 1 0
GoEdu/proto/education.pb.go:1328.3,1328.12 1 0
GoEdu/proto/education.pb.go:1330.2,1330.24 1 0
GoEdu/proto/education.pb.go:1334.64,1336.2 1 0
GoEdu/proto/education.pb.go:1338.54,1339.14 1 0
GoEdu/proto/education.pb.go:1339.14,1341.3 1 0
GoEdu/proto/education.pb.go:1342.2,1342.11 1 0
GoEdu/proto/education.pb.go:1345.55,1346.14 1 0
GoEdu/proto/education.pb.go:1346.14,1348.3 1 0
GoEdu/proto/education.pb.go:1349.2,1349.11 1 0
GoEdu/proto/education.pb.go:1352.58,1353.14 1 0
GoEdu/proto/education.pb.go:1353.14,1355.3 1 0
GoEdu/proto/education.pb.go:1356.2,1356.11 1 0
GoEdu/proto/education.pb.go:1369.30,1374.2 4 0
GoEdu/proto/education.pb.go:1376.38,1378.2 1 0
GoEdu/proto/education.pb.go:1380.36,1380.37 0 0
GoEdu/proto/education.pb.go:1382.58,1384.14 2 0
GoEdu/proto/education.pb.go:1384.14,1386.34 2 0
GoEdu/proto/education.pb.go:1386.34,1388.4 1 0
GoEdu/proto/education.pb.go:1389.3,1389.12 1 0
GoEdu/proto/education.pb.go:1391.2,1391.24 1 0
GoEdu/proto/education.pb.go:1395.49,1397.2 1 0
GoEdu/proto/education.pb.go:1399.36,1400.14 1 0
GoEdu/proto/education.pb.go:1400.14,1402.3 1 0
GoEdu/proto/education.pb.go:1403.2,1403.10 1 0
GoEdu/proto/education.pb.go:1406.39,1407.14 1 0
GoEdu/proto/education.pb.go:1407.14,1409.3 1 0
GoEdu/proto/education.pb.go:1410.2,1410.11 1 0
GoEdu/proto/education.pb.go:1413.40,1414.14 1 0
GoEdu/proto/education.pb.go:1414.14,1416.3 1 0
GoEdu/proto/education.pb.go:1417.2,1417.11 1 0
GoEdu/proto/education.pb.go:1420.40,1421.14 1 0
GoEdu/proto/education.pb.go:1421.14,1423.3 1 0
GoEdu/proto/education.pb.go:1424.2,1424.11 1 0
GoEdu/proto/education.pb.go:1434.39,1439.2 4 0
GoEdu/proto/education.pb.go:1441.47,1443.2 1 0
GoEdu/proto/education.pb.go:1445.45,1445.46 0 0
GoEdu/proto/education.pb.go:1447.67,1449.14 2 0
GoEdu/proto/education.pb.go:1449.14,1451.34 2 0
GoEdu/proto/education.pb.go:1451.34,1453.4 1 0
GoEdu/proto/education.pb.go:1454.3,1454.12 1 0
GoEdu/proto/education.pb.go:1456.2,1456.24 1 0
GoEdu/proto/education.pb.go:1460.58,1462.2 1 0
GoEdu/proto/education.pb.go:1464.55,1465.14 1 0
GoEdu/proto/education.pb.go:1465.14,1467.3 1 0
GoEdu/proto/education.pb.go:1468.2,1468.10 1 0
GoEdu/proto/education.pb.go:1481.33,1486.2 4 0
GoEdu/proto/education.pb.go:1488.41,1490.2 1 0
GoEdu/proto/education.pb.go:1492.39,1492.40 0 0
GoEdu/proto/education.pb.go:1494.61,1496.14 2 0
GoEdu/proto/education.pb.go:1496.14,1498.34 2 0
GoEdu/proto/education.pb.go:1498.34,1500.4 1 0
GoEdu/proto/education.pb.go:1501.3,1501.12 1 0
GoEdu/proto/education.pb.go:1503.2,1503.24 1 0
GoEdu/proto/education.pb.go:1507.52,1509.2 1 0
GoEdu/proto/education.pb.go:1511.46,1512.14 1 0
GoEdu/proto/education.pb.go:1512.14,1514.3 1 0
GoEdu/proto/education.pb.go:1515.2,1515.10 1 0
GoEdu/proto/education.pb.go:1518.45,1519.14 1 0
GoEdu/proto/education.pb.go:1519.14,1521.3 1 0
GoEdu/proto/education.pb.go:1522.2,1522.10 1 0
GoEdu/proto/education.pb.go:1525.45,1526.14 1 0
GoEdu/proto/education.pb.go:1526.14,1528.3 1 0
GoEdu/proto/education.pb.go:1529.2,1529.11 1 0
GoEdu/proto/education.pb.go:1532.43,1533.14 1 0
GoEdu/proto/education.pb.go:1533.14,1535.3 1 0
GoEdu/proto/education.pb.go:1536.2,1536.10 1 0
GoEdu/proto/education.pb.go:1551.26,1556.2 4 0
GoEdu/proto/education.pb.go:1558.34,1560.2 1 0
GoEdu/proto/education.pb.go:1562.32,1562.33 0 0
GoEdu/proto/education.pb.go:1564.54,1566.14 2 0
GoEdu/proto/education.pb.go:1566.14,1568.34 2 0
GoEdu/proto/education.pb.go:1568.34,1570.4 1 0
GoEdu/proto/education.pb.go:1571.3,1571.12 1 0
GoEdu/proto/education.pb.go:1573.2,1573.24 1 0
GoEdu/proto/education.pb.go:1577.45,1579.2 1 0
GoEdu/proto/education.pb.go:1581.32,1582.14 1 0
GoEdu/proto/education.pb.go:1582.14,1584.3 1 0
GoEdu/proto/education.pb.go:1585.2,1585.10 1 0
GoEdu/proto/education.pb.go:1588.39,1589.14 1 0
GoEdu/proto/education.pb.go:1589.14,1591.3 1 0
GoEdu/proto/education.pb.go:1592.2,1592.10 1 0
GoEdu/proto/education.pb.go:1595.38,1596.14 1 0
GoEdu/proto/education.pb.go:1596.14,1598.3 1 0
GoEdu/proto/education.pb.go:1599.2,1599.10 1 0
GoEdu/proto/education.pb.go:1602.38,1603.14 1 0
GoEdu/proto/education.pb.go:1603.14,1605.3 1 0
GoEdu/proto/education.pb.go:1606.2,1606.11 1 0
GoEdu/proto/education.pb.go:1609.36,1610.14 1 0
GoEdu/proto/education.pb.go:1610.14,1612.3 1 0
GoEdu/proto/education.pb.go:1613.2,1613.10 1 0
GoEdu/proto/education.pb.go:1616.40,1617.14 1 0
[...]
GoEdu/proto/education.pb.go:1494.61,1496.14 2 1
GoEdu/proto/education.pb.go:1496.14,1498.34 2 1
GoEdu/proto/education.pb.go:1498.34,1500.4 1 1
GoEdu/proto/education.pb.go:1501.3,1501.12 1 1
GoEdu/proto/education.pb.go:1503.2,1503.24 1 0
GoEdu/proto/education.pb.go:1507.52,1509.2 1 0
GoEdu/proto/education.pb.go:1511.46,1512.14 1 0
GoEdu/proto/education.pb.go:1512.14,1514.3 1 0
GoEdu/proto/education.pb.go:1515.2,1515.10 1 0
GoEdu/proto/education.pb.go:1518.45,1519.14 1 0
GoEdu/proto/education.pb.go:1519.14,1521.3 1 0
GoEdu/proto/education.pb.go:1522.2,1522.10 1 0
GoEdu/proto/education.pb.go:1525.45,1526.14 1 0
GoEdu/proto/education.pb.go:1526.14,1528.3 1 0
GoEdu/proto/education.pb.go:1529.2,1529.11 1 0
GoEdu/proto/education.pb.go:1532.43,1533.14 1 0
GoEdu/proto/education.pb.go:1533.14,1535.3 1 0
GoEdu/proto/education.pb.go:1536.2,1536.10 1 0
GoEdu/proto/education.pb.go:1551.26,1556.2 4 0
GoEdu/proto/education.pb.go:1558.34,1560.2 1 0
GoEdu/proto/education.pb.go:1562.32,1562.33 0 0
GoEdu/proto/education.pb.go:1564.54,1566.14 2 1
GoEdu/proto/education.pb.go:1566.14,1568.34 2 0
GoEdu/proto/education.pb.go:1568.34,1570.4 1 0
GoEdu/proto/education.pb.go:1571.3,1571.12 1 0
GoEdu/proto/education.pb.go:1573.2,1573.24 1 1
GoEdu/proto/education.pb.go:1577.45,1579.2 1 0
GoEdu/proto/education.pb.go:1581.32,1582.14 1 0
GoEdu/proto/education.pb.go:1582.14,1584.3 1 0
GoEdu/proto/education.pb.go:1585.2,1585.10 1 0
GoEdu/proto/education.pb.go:1588.39,1589.14 1 0
GoEdu/proto/education.pb.go:1589.14,1591.3 1 0
GoEdu/proto/education.pb.go:1592.2,1592.10 1 0
GoEdu/proto/education.pb.go:1595.38,1596.14 1 0
GoEdu/proto/education.pb.go:1596.14,1598.3 1 0
GoEdu/proto/education.pb.go:1599.2,1599.10 1 0
GoEdu/proto/education.pb.go:1602.38,1603.14 1 0
GoEdu/proto/education.pb.go:1603.14,1605.3 1 0
GoEdu/proto/education.pb.go:1606.2,1606.11 1 0
GoEdu/proto/education.pb.go:1609.36,1610.14 1 0
GoEdu/proto/education.pb.go:1610.14,1612.3 1 0
GoEdu/proto/education.pb.go:1613.2,1613.10 1 0
GoEdu/proto/education.pb.go:1616.40,1617.14 1 0
GoEdu/proto/education.pb.go:1617.14,1619.3 1 0
GoEdu/proto/education.pb.go:1620.2,1620.11 1 0
GoEdu/proto/education.pb.go:1630.30,1635.2 4 1
GoEdu/proto/education.pb.go:1637.38,1639.2 1 0
GoEdu/proto/education.pb.go:1641.36,1641.37 0 0
GoEdu/proto/education.pb.go:1643.58,1645.14 2 1
GoEdu/proto/education.pb.go:1645.14,1647.34 2 1
GoEdu/proto/education.pb.go:1647.34,1649.4 1 1
GoEdu/proto/education.pb.go:1650.3,1650.12 1 1
GoEdu/proto/education.pb.go:1652.2,1652.24 1 0
GoEdu/proto/education.pb.go:1656.49,1658.2 1 0
GoEdu/proto/education.pb.go:1660.45,1661.14 1 0
GoEdu/proto/education.pb.go:1661.14,1663.3 1 0
GoEdu/proto/education.pb.go:1664.2,1664.12 1 0
GoEdu/proto/education.pb.go:1674.33,1679.2 4 1
GoEdu/proto/education.pb.go:1681.41,1683.2 1 0
GoEdu/proto/education.pb.go:1685.39,1685.40 0 0
GoEdu/proto/education.pb.go:1687.61,1689.14 2 1
GoEdu/proto/education.pb.go:1689.14,1691.34 2 1
GoEdu/proto/education.pb.go:1691.34,1693.4 1 1
GoEdu/proto/education.pb.go:1694.3,1694.12 1 1
GoEdu/proto/education.pb.go:1696.2,1696.24 1 0
GoEdu/proto/education.pb.go:1700.52,1702.2 1 0
GoEdu/proto/education.pb.go:1704.45,1705.14 1 0
GoEdu/proto/education.pb.go:1705.14,1707.3 1 0
GoEdu/proto/education.pb.go:1708.2,1708.11 1 0
GoEdu/proto/education.pb.go:2006.54,2007.51 1 0
GoEdu/proto/education.pb.go:2007.51,2009.3 1 0
GoEdu/proto/education.pb.go:2010.2,2010.47 1 0
GoEdu/proto/education.pb.go:2110.13,2110.50 1 1
GoEdu/proto/education.pb.go:2111.40,2112.39 1 1
GoEdu/proto/education.pb.go:2112.39,2114.3 1 0
GoEdu/proto/education.pb.go:2115.2,2132.42 6 1
GoEdu/proto/education_grpc.pb.go:46.84,48.2 1 1
GoEdu/proto/education_grpc.pb.go:50.123,54.16 4 1
GoEdu/proto/education_grpc.pb.go:54.16,56.3 1 0
GoEdu/proto/education_grpc.pb.go:57.2,57.17 1 1
GoEdu/proto/education_grpc.pb.go:60.132,64.16 4 1
GoEdu/proto/education_grpc.pb.go:64.16,66.3 1 1
GoEdu/proto/education_grpc.pb.go:67.2,67.17 1 1
GoEdu/proto/education_grpc.pb.go:70.132,74.16 4 1
GoEdu/proto/education_grpc.pb.go:74.16,76.3 1 1
GoEdu/proto/education_grpc.pb.go:77.2,77.17 1 1
GoEdu/proto/education_grpc.pb.go:80.135,84.16 4 1
GoEdu/proto/education_grpc.pb.go:84.16,86.3 1 1
GoEdu/proto/education_grpc.pb.go:87.2,87.17 1 1
GoEdu/proto/education_grpc.pb.go:90.130,94.16 4 1
GoEdu/proto/education_grpc.pb.go:94.16,96.3 1 1
GoEdu/proto/education_grpc.pb.go:97.2,97.17 1 1
GoEdu/proto/education_grpc.pb.go:100.134,104.16 4 1
GoEdu/proto/education_grpc.pb.go:104.16,106.3 1 1
GoEdu/proto/education_grpc.pb.go:107.2,107.17 1 1
GoEdu/proto/education_grpc.pb.go:130.101,132.2 1 0
GoEdu/proto/education_grpc.pb.go:133.110,135.2 1 0
GoEdu/proto/education_grpc.pb.go:136.110,138.2 1 0
GoEdu/proto/education_grpc.pb.go:139.113,141.2 1 0
GoEdu/proto/education_grpc.pb.go:142.108,144.2 1 0
GoEdu/proto/education_grpc.pb.go:145.112,147.2 1 0
GoEdu/proto/education_grpc.pb.go:148.92,148.93 0 0
GoEdu/proto/education_grpc.pb.go:149.92,149.93 0 1
GoEdu/proto/education_grpc.pb.go:158.90,163.59 1 1
GoEdu/proto/education_grpc.pb.go:163.59,165.3 1 1
GoEdu/proto/education_grpc.pb.go:166.2,166.55 1 1
GoEdu/proto/education_grpc.pb.go:169.172,171.32 2 1
GoEdu/proto/education_grpc.pb.go:171.32,173.3 1 0
GoEdu/proto/education_grpc.pb.go:174.2,174.24 1 1
GoEdu/proto/education_grpc.pb.go:174.24,176.3 1 1
GoEdu/proto/education_grpc.pb.go:177.2,181.77 2 0
GoEdu/proto/education_grpc.pb.go:181.77,183.3 1 0
GoEdu/proto/education_grpc.pb.go:184.2,184.44 1 0
GoEdu/proto/education_grpc.pb.go:187.175,189.32 2 1
GoEdu/proto/education_grpc.pb.go:189.32,191.3 1 0
GoEdu/proto/education_grpc.pb.go:192.2,192.24 1 1
GoEdu/proto/education_grpc.pb.go:192.24,194.3 1 1
GoEdu/proto/education_grpc.pb.go:195.2,199.77 2 0
GoEdu/proto/education_grpc.pb.go:199.77,201.3 1 0
GoEdu/proto/education_grpc.pb.go:202.2,202.44 1 0
GoEdu/proto/education_grpc.pb.go:205.174,207.32 2 1
GoEdu/proto/education_grpc.pb.go:207.32,209.3 1 0
GoEdu/proto/education_grpc.pb.go:210.2,210.24 1 1
GoEdu/proto/education_grpc.pb.go:210.24,212.3 1 1
GoEdu/proto/education_grpc.pb.go:213.2,217.77 2 0
GoEdu/proto/education_grpc.pb.go:217.77,219.3 1 0
GoEdu/proto/education_grpc.pb.go:220.2,220.44 1 0
GoEdu/proto/education_grpc.pb.go:223.174,225.32 2 1
GoEdu/proto/education_grpc.pb.go:225.32,227.3 1 0
GoEdu/proto/education_grpc.pb.go:228.2,228.24 1 1
GoEdu/proto/education_grpc.pb.go:228.24,230.3 1 1
GoEdu/proto/education_grpc.pb.go:231.2,235.77 2 0
GoEdu/proto/education_grpc.pb.go:235.77,237.3 1 0
GoEdu/proto/education_grpc.pb.go:238.2,238.44 1 0
GoEdu/proto/education_grpc.pb.go:241.174,243.32 2 1
GoEdu/proto/education_grpc.pb.go:243.32,245.3 1 0
GoEdu/proto/education_grpc.pb.go:246.2,246.24 1 1
GoEdu/proto/education_grpc.pb.go:246.24,248.3 1 1
GoEdu/proto/education_grpc.pb.go:249.2,253.77 2 0
GoEdu/proto/education_grpc.pb.go:253.77,255.3 1 0
GoEdu/proto/education_grpc.pb.go:256.2,256.44 1 0
GoEdu/proto/education_grpc.pb.go:259.175,261.32 2 1
GoEdu/proto/education_grpc.pb.go:261.32,263.3 1 0
GoEdu/proto/education_grpc.pb.go:264.2,264.24 1 1
GoEdu/proto/education_grpc.pb.go:264.24,266.3 1 1
GoEdu/proto/education_grpc.pb.go:267.2,271.77 2 0
GoEdu/proto/education_grpc.pb.go:271.77,273.3 1 0
GoEdu/proto/education_grpc.pb.go:274.2,274.44 1 0
GoEdu/proto/education_grpc.pb.go:334.80,336.2 1 1
GoEdu/proto/education_grpc.pb.go:338.140,342.16 4 1
GoEdu/proto/education_grpc.pb.go:342.16,344.3 1 1
GoEdu/proto/education_grpc.pb.go:345.2,345.17 1 1
GoEdu/proto/education_grpc.pb.go:348.132,352.16 4 1
GoEdu/proto/education_grpc.pb.go:352.16,354.3 1 1
GoEdu/proto/education_grpc.pb.go:355.2,355.17 1 1
GoEdu/proto/education_grpc.pb.go:358.136,362.16 4 1
GoEdu/proto/education_grpc.pb.go:362.16,364.3 1 1
GoEdu/proto/education_grpc.pb.go:365.2,365.17 1 1
GoEdu/proto/education_grpc.pb.go:368.143,372.16 4 1
GoEdu/proto/education_grpc.pb.go:372.16,374.3 1 1
GoEdu/proto/education_grpc.pb.go:375.2,375.17 1 1
GoEdu/proto/education_grpc.pb.go:396.118,398.2 1 0
GoEdu/proto/education_grpc.pb.go:399.110,401.2 1 0
GoEdu/proto/education_grpc.pb.go:402.114,404.2 1 0
GoEdu/proto/education_grpc.pb.go:405.121,407.2 1 0
GoEdu/proto/education_grpc.pb.go:408.88,408.89 0 0
GoEdu/proto/education_grpc.pb.go:409.88,409.89 0 1
GoEdu/proto/education_grpc.pb.go:418.86,423.59 1 1
GoEdu/proto/education_grpc.pb.go:423.59,425.3 1 1
GoEdu/proto/education_grpc.pb.go:426.2,426.53 1 1
GoEdu/proto/education_grpc.pb.go:429.175,431.32 2 1
GoEdu/proto/education_grpc.pb.go:431.32,433.3 1 0
GoEdu/proto/education_grpc.pb.go:434.2,434.24 1 1
GoEdu/proto/education_grpc.pb.go:434.24,436.3 1 1
GoEdu/proto/education_grpc.pb.go:437.2,441.77 2 0
GoEdu/proto/education_grpc.pb.go:441.77,443.3 1 0
GoEdu/proto/education_grpc.pb.go:444.2,444.44 1 0
GoEdu/proto/education_grpc.pb.go:447.172,449.32 2 1
GoEdu/proto/education_grpc.pb.go:449.32,451.3 1 0
GoEdu/proto/education_grpc.pb.go:452.2,452.24 1 1
GoEdu/proto/education_grpc.pb.go:452.24,454.3 1 1
GoEdu/proto/education_grpc.pb.go:455.2,459.77 2 0
GoEdu/proto/education_grpc.pb.go:459.77,461.3 1 0
GoEdu/proto/education_grpc.pb.go:462.2,462.44 1 0
GoEdu/proto/education_grpc.pb.go:465.177,467.32 2 1
GoEdu/proto/education_grpc.pb.go:467.32,469.3 1 0
GoEdu/proto/education_grpc.pb.go:470.2,470.24 1 1
GoEdu/proto/education_grpc.pb.go:470.24,472.3 1 1
GoEdu/proto/education_grpc.pb.go:473.2,477.77 2 0
GoEdu/proto/education_grpc.pb.go:477.77,479.3 1 0
GoEdu/proto/education_grpc.pb.go:480.2,480.44 1 0
GoEdu/proto/education_grpc.pb.go:483.180,485.32 2 1
GoEdu/proto/education_grpc.pb.go:485.32,487.3 1 0
GoEdu/proto/education_grpc.pb.go:488.2,488.24 1 1
GoEdu/proto/education_grpc.pb.go:488.24,490.3 1 1
GoEdu/proto/education_grpc.pb.go:491.2,495.77 2 0
GoEdu/proto/education_grpc.pb.go:495.77,497.3 1 0
GoEdu/proto/education_grpc.pb.go:498.2,498.44 1 0
GoEdu/proto/education_grpc.pb.go:550.86,552.2 1 1
GoEdu/proto/education_grpc.pb.go:554.134,558.16 4 1
GoEdu/proto/education_grpc.pb.go:558.16,560.3 1 1
GoEdu/proto/education_grpc.pb.go:561.2,561.17 1 1
GoEdu/proto/education_grpc.pb.go:564.144,568.16 4 1
GoEdu/proto/education_grpc.pb.go:568.16,570.3 1 1
GoEdu/proto/education_grpc.pb.go:571.2,571.17 1 1
GoEdu/proto/education_grpc.pb.go:574.144,578.16 4 1
GoEdu/proto/education_grpc.pb.go:578.16,580.3 1 1
GoEdu/proto/education_grpc.pb.go:581.2,581.17 1 1
GoEdu/proto/education_grpc.pb.go:584.136,588.16 4 1
GoEdu/proto/education_grpc.pb.go:588.16,590.3 1 1
GoEdu/proto/education_grpc.pb.go:591.2,591.17 1 1
GoEdu/proto/education_grpc.pb.go:612.112,614.2 1 0
GoEdu/proto/education_grpc.pb.go:615.122,617.2 1 0
GoEdu/proto/education_grpc.pb.go:618.122,620.2 1 0
GoEdu/proto/education_grpc.pb.go:621.114,623.2 1 0
GoEdu/proto/education_grpc.pb.go:624.94,624.95 0 0
GoEdu/proto/education_grpc.pb.go:625.94,625.95 0 1
GoEdu/proto/education_grpc.pb.go:634.92,639.59 1 1
GoEdu/proto/education_grpc.pb.go:639.59,641.3 1 1
GoEdu/proto/education_grpc.pb.go:642.2,642.56 1 1
GoEdu/proto/education_grpc.pb.go:645.176,647.32 2 1
GoEdu/proto/education_grpc.pb.go:647.32,649.3 1 0
GoEdu/proto/education_grpc.pb.go:650.2,650.24 1 1
GoEdu/proto/education_grpc.pb.go:650.24,652.3 1 1
GoEdu/proto/education_grpc.pb.go:653.2,657.77 2 0
GoEdu/proto/education_grpc.pb.go:657.77,659.3 1 0
GoEdu/proto/education_grpc.pb.go:660.2,660.44 1 0
GoEdu/proto/education_grpc.pb.go:663.182,665.32 2 1
GoEdu/proto/education_grpc.pb.go:665.32,667.3 1 0
GoEdu/proto/education_grpc.pb.go:668.2,668.24 1 1
GoEdu/proto/education_grpc.pb.go:668.24,670.3 1 1
GoEdu/proto/education_grpc.pb.go:671.2,675.77 2 0
GoEdu/proto/education_grpc.pb.go:675.77,677.3 1 0
GoEdu/proto/education_grpc.pb.go:678.2,678.44 1 0
GoEdu/proto/education_grpc.pb.go:681.182,683.32 2 1
GoEdu/proto/education_grpc.pb.go:683.32,685.3 1 0
GoEdu/proto/education_grpc.pb.go:686.2,686.24 1 1
GoEdu/proto/education_grpc.pb.go:686.24,688.3 1 1
GoEdu/proto/education_grpc.pb.go:689.2,693.77 2 0
GoEdu/proto/education_grpc.pb.go:693.77,695.3 1 0
GoEdu/proto/education_grpc.pb.go:696.2,696.44 1 0
GoEdu/proto/education_grpc.pb.go:699.178,701.32 2 1
GoEdu/proto/education_grpc.pb.go:701.32,703.3 1 0
GoEdu/proto/education_grpc.pb.go:704.2,704.24 1 1
GoEdu/proto/education_grpc.pb.go:704.24,706.3 1 1
GoEdu/proto/education_grpc.pb.go:707.2,711.77 2 0
GoEdu/proto/education_grpc.pb.go:711.77,713.3 1 0
GoEdu/proto/education_grpc.pb.go:714.2,714.44 1 0
GoEdu/proto/education_grpc.pb.go:774.80,776.2 1 1
GoEdu/proto/education_grpc.pb.go:778.135,782.16 4 1
GoEdu/proto/education_grpc.pb.go:782.16,784.3 1 1
GoEdu/proto/education_grpc.pb.go:785.2,785.17 1 1
GoEdu/proto/education_grpc.pb.go:788.141,792.16 4 1
GoEdu/proto/education_grpc.pb.go:792.16,794.3 1 1
GoEdu/proto/education_grpc.pb.go:795.2,795.17 1 1
GoEdu/proto/education_grpc.pb.go:798.143,802.16 4 1
GoEdu/proto/education_grpc.pb.go:802.16,804.3 1 1
GoEdu/proto/education_grpc.pb.go:805.2,805.17 1 1
GoEdu/proto/education_grpc.pb.go:808.136,812.16 4 0
GoEdu/proto/education_grpc.pb.go:812.16,814.3 1 0
GoEdu/proto/education_grpc.pb.go:815.2,815.17 1 0
GoEdu/proto/education_grpc.pb.go:818.130,822.16 4 1
GoEdu/proto/education_grpc.pb.go:822.16,824.3 1 1
GoEdu/proto/education_grpc.pb.go:825.2,825.17 1 1
GoEdu/proto/education_grpc.pb.go:828.147,832.16 4 1
GoEdu/proto/education_grpc.pb.go:832.16,834.3 1 1
GoEdu/proto/education_grpc.pb.go:835.2,835.17 1 1
GoEdu/proto/education_grpc.pb.go:838.148,842.16 4 1
GoEdu/proto/education_grpc.pb.go:842.16,844.3 1 1
GoEdu/proto/education_grpc.pb.go:845.2,845.17 1 1
GoEdu/proto/education_grpc.pb.go:848.143,852.16 4 1
GoEdu/proto/education_grpc.pb.go:852.16,854.3 1 1
GoEdu/proto/education_grpc.pb.go:855.2,855.17 1 1
GoEdu/proto/education_grpc.pb.go:880.113,882.2 1 0
GoEdu/proto/education_grpc.pb.go:883.119,885.2 1 0
GoEdu/proto/education_grpc.pb.go:886.121,888.2 1 0
GoEdu/proto/education_grpc.pb.go:889.114,891.2 1 0
GoEdu/proto/education_grpc.pb.go:892.108,894.2 1 0
GoEdu/proto/education_grpc.pb.go:895.125,897.2 1 0
GoEdu/proto/education_grpc.pb.go:898.126,900.2 1 0
GoEdu/proto/education_grpc.pb.go:901.121,903.2 1 0
GoEdu/proto/education_grpc.pb.go:904.88,904.89 0 0
GoEdu/proto/education_grpc.pb.go:905.88,905.89 0 1
GoEdu/proto/education_grpc.pb.go:914.86,919.59 1 1
GoEdu/proto/education_grpc.pb.go:919.59,921.3 1 1
GoEdu/proto/education_grpc.pb.go:922.2,922.53 1 1
GoEdu/proto/education_grpc.pb.go:925.178,927.32 2 1
GoEdu/proto/education_grpc.pb.go:927.32,929.3 1 0
GoEdu/proto/education_grpc.pb.go:930.2,930.24 1 1
GoEdu/proto/education_grpc.pb.go:930.24,932.3 1 1
GoEdu/proto/education_grpc.pb.go:933.2,937.77 2 0
GoEdu/proto/education_grpc.pb.go:937.77,939.3 1 0
GoEdu/proto/education_grpc.pb.go:940.2,940.44 1 0
GoEdu/proto/education_grpc.pb.go:943.179,945.32 2 1
GoEdu/proto/education_grpc.pb.go:945.32,947.3 1 0
GoEdu/proto/education_grpc.pb.go:948.2,948.24 1 1
GoEdu/proto/education_grpc.pb.go:948.24,950.3 1 1
GoEdu/proto/education_grpc.pb.go:951.2,955.77 2 0
GoEdu/proto/education_grpc.pb.go:955.77,957.3 1 0
GoEdu/proto/education_grpc.pb.go:958.2,958.44 1 0
GoEdu/proto/education_grpc.pb.go:961.177,963.32 2 1
GoEdu/proto/education_grpc.pb.go:963.32,965.3 1 0
GoEdu/proto/education_grpc.pb.go:966.2,966.24 1 1
GoEdu/proto/education_grpc.pb.go:966.24,968.3 1 1
GoEdu/proto/education_grpc.pb.go:969.2,973.77 2 0
GoEdu/proto/education_grpc.pb.go:973.77,975.3 1 0
GoEdu/proto/education_grpc.pb.go:976.2,976.44 1 0
GoEdu/proto/education_grpc.pb.go:979.173,981.32 2 0
GoEdu/proto/education_grpc.pb.go:981.32,983.3 1 0
GoEdu/proto/education_grpc.pb.go:984.2,984.24 1 0
GoEdu/proto/education_grpc.pb.go:984.24,986.3 1 0
GoEdu/proto/education_grpc.pb.go:987.2,991.77 2 0
GoEdu/proto/education_grpc.pb.go:991.77,993.3 1 0
GoEdu/proto/education_grpc.pb.go:994.2,994.44 1 0
GoEdu/proto/education_grpc.pb.go:997.173,999.32 2 1
GoEdu/proto/education_grpc.pb.go:999.32,1001.3 1 0
GoEdu/proto/education_grpc.pb.go:1002.2,1002.24 1 1
GoEdu/proto/education_grpc.pb.go:1002.24,1004.3 1 1
GoEdu/proto/education_grpc.pb.go:1005.2,1009.77 2 0
GoEdu/proto/education_grpc.pb.go:1009.77,1011.3 1 0
GoEdu/proto/education_grpc.pb.go:1012.2,1012.44 1 0
GoEdu/proto/education_grpc.pb.go:1015.182,1017.32 2 1
GoEdu/proto/education_grpc.pb.go:1017.32,1019.3 1 0
GoEdu/proto/education_grpc.pb.go:1020.2,1020.24 1 1
GoEdu/proto/education_grpc.pb.go:1020.24,1022.3 1 1
GoEdu/proto/education_grpc.pb.go:1023.2,1027.77 2 0
GoEdu/proto/education_grpc.pb.go:1027.77,1029.3 1 0
GoEdu/proto/education_grpc.pb.go:1030.2,1030.44 1 0
GoEdu/proto/education_grpc.pb.go:1033.177,1035.32 2 1
GoEdu/proto/education_grpc.pb.go:1035.32,1037.3 1 0
GoEdu/proto/education_grpc.pb.go:1038.2,1038.24 1 1
GoEdu/proto/education_grpc.pb.go:1038.24,1040.3 1 1
GoEdu/proto/education_grpc.pb.go:1041.2,1045.77 2 0
GoEdu/proto/education_grpc.pb.go:1045.77,1047.3 1 0
GoEdu/proto/education_grpc.pb.go:1048.2,1048.44 1 0
GoEdu/proto/education_grpc.pb.go:1051.181,1053.32 2 1
GoEdu/proto/education_grpc.pb.go:1053.32,1055.3 1 0
GoEdu/proto/education_grpc.pb.go:1056.2,1056.24 1 1
GoEdu/proto/education_grpc.pb.go:1056.24,1058.3 1 1
GoEdu/proto/education_grpc.pb.go:1059.2,1063.77 2 0
GoEdu/proto/education_grpc.pb.go:1063.77,1065.3 1 0
GoEdu/proto/education_grpc.pb.go:1066.2,1066.44 1 0
GoEdu/proto/education_grpc.pb.go:1130.86,1132.2 1 1
GoEdu/proto/education_grpc.pb.go:1134.152,1138.16 4 1
GoEdu/proto/education_grpc.pb.go:1138.16,1140.3 1 1
GoEdu/proto/education_grpc.pb.go:1141.2,1141.17 1 1
GoEdu/proto/education_grpc.pb.go:1144.150,1148.16 4 1
GoEdu/proto/education_grpc.pb.go:1148.16,1150.3 1 1
GoEdu/proto/education_grpc.pb.go:1151.2,1151.17 1 1
GoEdu/proto/education_grpc.pb.go:1170.130,1172.2 1 0
GoEdu/proto/education_grpc.pb.go:1173.128,1175.2 1 0
GoEdu/proto/education_grpc.pb.go:1176.94,1176.95 0 0
GoEdu/proto/education_grpc.pb.go:1177.94,1177.95 0 1
GoEdu/proto/education_grpc.pb.go:1186.92,1191.59 1 1
GoEdu/proto/education_grpc.pb.go:1191.59,1193.3 1 1
GoEdu/proto/education_grpc.pb.go:1194.2,1194.56 1 1
GoEdu/proto/education_grpc.pb.go:1197.181,1199.32 2 1
GoEdu/proto/education_grpc.pb.go:1199.32,1201.3 1 0
GoEdu/proto/education_grpc.pb.go:1202.2,1202.24 1 1
GoEdu/proto/education_grpc.pb.go:1202.24,1204.3 1 1
GoEdu/proto/education_grpc.pb.go:1205.2,1209.77 2 0
GoEdu/proto/education_grpc.pb.go:1209.77,1211.3 1 0
GoEdu/proto/education_grpc.pb.go:1212.2,1212.44 1 0
GoEdu/proto/education_grpc.pb.go:1215.185,1217.32 2 1
GoEdu/proto/education_grpc.pb.go:1217.32,1219.3 1 0
GoEdu/proto/education_grpc.pb.go:1220.2,1220.24 1 1
GoEdu/proto/education_grpc.pb.go:1220.24,1222.3 1 1
GoEdu/proto/education_grpc.pb.go:1223.2,1227.77 2 0
GoEdu/proto/education_grpc.pb.go:1227.77,1229.3 1 0
GoEdu/proto/education_grpc.pb.go:1230.2,1230.44 1 0
GoEdu/proto/education_grpc.pb.go:1270.78,1272.2 1 1
GoEdu/proto/education_grpc.pb.go:1274.130,1278.16 4 1
GoEdu/proto/education_grpc.pb.go:1278.16,1280.3 1 1
GoEdu/proto/education_grpc.pb.go:1281.2,1281.17 1 1
GoEdu/proto/education_grpc.pb.go:1284.138,1288.16 4 1
GoEdu/proto/education_grpc.pb.go:1288.16,1290.3 1 1
GoEdu/proto/education_grpc.pb.go:1291.2,1291.17 1 1
GoEdu/proto/education_grpc.pb.go:1310.108,1312.2 1 0
GoEdu/proto/education_grpc.pb.go:1313.116,1315.2 1 0
GoEdu/proto/education_grpc.pb.go:1316.86,1316.87 0 0
GoEdu/proto/education_grpc.pb.go:1317.86,1317.87 0 1
GoEdu/proto/education_grpc.pb.go:1326.84,1331.59 1 1
GoEdu/proto/education_grpc.pb.go:1331.59,1333.3 1 1
GoEdu/proto/education_grpc.pb.go:1334.2,1334.52 1 1
GoEdu/proto/education_grpc.pb.go:1337.176,1339.32 2 1
GoEdu/proto/education_grpc.pb.go:1339.32,1341.3 1 0
GoEdu/proto/education_grpc.pb.go:1342.2,1342.24 1 1
GoEdu/proto/education_grpc.pb.go:1342.24,1344.3 1 1
GoEdu/proto/education_grpc.pb.go:1345.2,1349.77 2 0
GoEdu/proto/education_grpc.pb.go:1349.77,1351.3 1 0
GoEdu/proto/education_grpc.pb.go:1352.2,1352.44 1 0
GoEdu/proto/education_grpc.pb.go:1355.177,1357.32 2 1
GoEdu/proto/education_grpc.pb.go:1357.32,1359.3 1 0
GoEdu/proto/education_grpc.pb.go:1360.2,1360.24 1 1
GoEdu/proto/education_grpc.pb.go:1360.24,1362.3 1 1
GoEdu/proto/education_grpc.pb.go:1363.2,1367.77 2 0
GoEdu/proto/education_grpc.pb.go:1367.77,1369.3 1 0
GoEdu/proto/education_grpc.pb.go:1370.2,1370.44 1 0
